<?xml version="1.0" encoding="UTF-8"?>
<!-- Generated by org.testng.reporters.JUnitXMLReporter -->
<testsuite ignored="5" hostname="gkillare-win87" failures="0" tests="1" name="Default test" time="41.509" errors="0" timestamp="2024-06-07T16:31:27 IST">
  <testcase classname="testcases.TC_TestCases" name="testRefundOfSale" time="36.279"/>
  <testcase classname="testcases.TC_TestCases" name="testVoidOfRefundWithoutSale" time="0.0">
    <ignored/>
  </testcase> <!-- testVoidOfRefundWithoutSale -->
  <testcase classname="testcases.TC_TestCases" name="testSale" time="0.0">
    <ignored/>
  </testcase> <!-- testSale -->
  <testcase classname="testcases.TC_TestCases" name="testVoidOfSale" time="0.0">
    <ignored/>
  </testcase> <!-- testVoidOfSale -->
  <testcase classname="testcases.TC_TestCases" name="testCheckTransactions" time="0.0">
    <ignored/>
  </testcase> <!-- testCheckTransactions -->
  <testcase classname="testcases.TC_TestCases" name="testCancelLast" time="0.0">
    <ignored/>
  </testcase> <!-- testCancelLast -->
</testsuite> <!-- Default test -->
