<?xml version="1.0" encoding="UTF-8"?>
<!-- Generated by org.testng.reporters.JUnitXMLReporter -->
<testsuite ignored="1" hostname="gkillare-win87" failures="0" tests="26" name="Default test" time="2.235" errors="0" timestamp="2024-05-30T18:02:26 IST">
  <testcase classname="utilities.TimeSubtrct" name="subtrct" time="0.016"/>
  <testcase classname="utilities.TimeSubtrct" name="subtrct" time="0.002"/>
  <testcase classname="utilities.TimeSubtrct" name="subtrct" time="0.004"/>
  <testcase classname="utilities.TimeSubtrct" name="subtrct" time="0.004"/>
  <testcase classname="utilities.TimeSubtrct" name="subtrct" time="0.005"/>
  <testcase classname="utilities.TimeSubtrct" name="subtrct" time="0.003"/>
  <testcase classname="utilities.TimeSubtrct" name="subtrct" time="0.006"/>
  <testcase classname="utilities.TimeSubtrct" name="subtrct" time="0.004"/>
  <testcase classname="utilities.TimeSubtrct" name="subtrct" time="0.004"/>
  <testcase classname="utilities.TimeSubtrct" name="subtrct" time="0.001"/>
  <testcase classname="utilities.TimeSubtrct" name="subtrct" time="0.003"/>
  <testcase classname="utilities.TimeSubtrct" name="subtrct" time="0.002"/>
  <testcase classname="utilities.TimeSubtrct" name="subtrct" time="0.004"/>
  <testcase classname="utilities.TimeSubtrct" name="subtrct" time="0.003"/>
  <testcase classname="utilities.TimeSubtrct" name="subtrct" time="0.001"/>
  <testcase classname="utilities.TimeSubtrct" name="subtrct" time="0.005"/>
  <testcase classname="utilities.TimeSubtrct" name="subtrct" time="0.001"/>
  <testcase classname="utilities.TimeSubtrct" name="subtrct" time="0.001"/>
  <testcase classname="utilities.TimeSubtrct" name="subtrct" time="0.002"/>
  <testcase classname="utilities.TimeSubtrct" name="subtrct" time="0.003"/>
  <testcase classname="utilities.TimeSubtrct" name="subtrct" time="0.004"/>
  <testcase classname="utilities.TimeSubtrct" name="subtrct" time="0.003"/>
  <testcase classname="utilities.TimeSubtrct" name="subtrct" time="0.001"/>
  <testcase classname="utilities.TimeSubtrct" name="subtrct" time="0.001"/>
  <testcase classname="utilities.TimeSubtrct" name="subtrct" time="0.002"/>
  <testcase classname="utilities.TimeSubtrct" name="subtrct" time="0.001"/>
  <testcase classname="utilities.TimeSubtrct" name="addMilliseconds" time="0.0">
    <ignored/>
  </testcase> <!-- addMilliseconds -->
</testsuite> <!-- Default test -->
