<?xml version="1.0" encoding="UTF-8"?>
<!-- Generated by org.testng.reporters.JUnitXMLReporter -->
<testsuite ignored="0" hostname="gkillare-win87" failures="1" tests="6" name="Test" time="234.848" errors="0" timestamp="2024-06-18T19:36:37 IST">
  <testcase classname="testcases.TC_GiftCard" name="testGiftActivation" time="35.111">
    <failure type="java.lang.AssertionError" message="We are not getting ResponseText as APPROVAL or VALIDATION [null,,null,K,41,,GCC,null,0.00,Card already active on 2020-09-11,20006,228241703626574528,000000000000000000,,null,0.00] expected [true] but found [false]">
      <![CDATA[java.lang.AssertionError: We are not getting ResponseText as APPROVAL or VALIDATION [null,,null,K,41,,GCC,null,0.00,Card already active on 2020-09-11,20006,228241703626574528,000000000000000000,,null,0.00] expected [true] but found [false]
at testcases.TC_GiftCard.testGiftActivation(TC_GiftCard.java:79)
at java.base/java.util.ArrayList.forEach(ArrayList.java:1511)
... Removed 30 stack frames]]>
    </failure>
  </testcase> <!-- testGiftActivation -->
  <testcase classname="testcases.TC_GiftCard" name="testGiftReload" time="26.061"/>
  <testcase classname="testcases.TC_GiftCard" name="testCheckBalance" time="30.265"/>
  <testcase classname="testcases.TC_GiftCard" name="testGiftRedeem" time="35.226"/>
  <testcase classname="testcases.TC_GiftCard" name="testGiftReturn" time="36.19"/>
  <testcase classname="testcases.TC_GiftCard" name="testGiftCashOut" time="28.101"/>
</testsuite> <!-- Test -->
