<?xml version="1.0" encoding="UTF-8"?>
<testng-results ignored="0" total="72" passed="70" failed="2" skipped="0">
  <reporter-output>
  </reporter-output>
  <suite started-at="2024-06-19T15:34:06 IST" name="Suite" finished-at="2024-06-19T16:36:32 IST" duration-ms="3745707">
    <groups>
    </groups>
    <test started-at="2024-06-19T15:34:06 IST" name="Test" finished-at="2024-06-19T16:36:32 IST" duration-ms="3745707">
      <class name="testcases.TC_CAN_VoidOfSale">
        <test-method is-config="true" signature="ticketDisplay()[pri:0, instance:testcases.TC_CAN_VoidOfSale@4a83a74a]" started-at="2024-06-19T15:52:55 IST" name="ticketDisplay" finished-at="2024-06-19T15:53:01 IST" duration-ms="5254" status="PASS">
          <reporter-output>
          </reporter-output>
        </test-method> <!-- ticketDisplay -->
        <test-method signature="TestCard01()[pri:0, instance:testcases.TC_CAN_VoidOfSale@4a83a74a]" started-at="2024-06-19T15:53:01 IST" name="TestCard01" finished-at="2024-06-19T15:53:49 IST" duration-ms="48857" status="PASS">
          <reporter-output>
          </reporter-output>
        </test-method> <!-- TestCard01 -->
        <test-method is-config="true" signature="afterTransactionsOparations()[pri:0, instance:testcases.TC_CAN_VoidOfSale@4a83a74a]" started-at="2024-06-19T15:53:49 IST" name="afterTransactionsOparations" finished-at="2024-06-19T15:53:52 IST" duration-ms="2548" status="PASS">
          <reporter-output>
          </reporter-output>
        </test-method> <!-- afterTransactionsOparations -->
        <test-method is-config="true" signature="ticketDisplay()[pri:0, instance:testcases.TC_CAN_VoidOfSale@4a83a74a]" started-at="2024-06-19T15:53:52 IST" name="ticketDisplay" finished-at="2024-06-19T15:53:57 IST" duration-ms="5343" status="PASS">
          <reporter-output>
          </reporter-output>
        </test-method> <!-- ticketDisplay -->
        <test-method signature="TestCard01()[pri:0, instance:testcases.TC_CAN_VoidOfSale@4a83a74a]" started-at="2024-06-19T15:53:57 IST" name="TestCard01" finished-at="2024-06-19T15:54:23 IST" duration-ms="25941" status="PASS">
          <reporter-output>
          </reporter-output>
        </test-method> <!-- TestCard01 -->
        <test-method is-config="true" signature="afterTransactionsOparations()[pri:0, instance:testcases.TC_CAN_VoidOfSale@4a83a74a]" started-at="2024-06-19T15:54:23 IST" name="afterTransactionsOparations" finished-at="2024-06-19T15:54:26 IST" duration-ms="2506" status="PASS">
          <reporter-output>
          </reporter-output>
        </test-method> <!-- afterTransactionsOparations -->
        <test-method is-config="true" signature="ticketDisplay()[pri:0, instance:testcases.TC_CAN_VoidOfSale@4a83a74a]" started-at="2024-06-19T15:54:26 IST" name="ticketDisplay" finished-at="2024-06-19T15:54:31 IST" duration-ms="5534" status="PASS">
          <reporter-output>
          </reporter-output>
        </test-method> <!-- ticketDisplay -->
        <test-method signature="TestCard02()[pri:0, instance:testcases.TC_CAN_VoidOfSale@4a83a74a]" started-at="2024-06-19T15:54:31 IST" name="TestCard02" finished-at="2024-06-19T15:55:09 IST" duration-ms="37585" status="PASS">
          <reporter-output>
          </reporter-output>
        </test-method> <!-- TestCard02 -->
        <test-method is-config="true" signature="afterTransactionsOparations()[pri:0, instance:testcases.TC_CAN_VoidOfSale@4a83a74a]" started-at="2024-06-19T15:55:09 IST" name="afterTransactionsOparations" finished-at="2024-06-19T15:55:11 IST" duration-ms="2314" status="PASS">
          <reporter-output>
          </reporter-output>
        </test-method> <!-- afterTransactionsOparations -->
        <test-method is-config="true" signature="ticketDisplay()[pri:0, instance:testcases.TC_CAN_VoidOfSale@4a83a74a]" started-at="2024-06-19T15:55:11 IST" name="ticketDisplay" finished-at="2024-06-19T15:55:17 IST" duration-ms="5640" status="PASS">
          <reporter-output>
          </reporter-output>
        </test-method> <!-- ticketDisplay -->
        <test-method signature="TestCard03()[pri:0, instance:testcases.TC_CAN_VoidOfSale@4a83a74a]" started-at="2024-06-19T15:55:17 IST" name="TestCard03" finished-at="2024-06-19T15:55:59 IST" duration-ms="41923" status="PASS">
          <reporter-output>
          </reporter-output>
        </test-method> <!-- TestCard03 -->
        <test-method is-config="true" signature="afterTransactionsOparations()[pri:0, instance:testcases.TC_CAN_VoidOfSale@4a83a74a]" started-at="2024-06-19T15:55:59 IST" name="afterTransactionsOparations" finished-at="2024-06-19T15:56:01 IST" duration-ms="2429" status="PASS">
          <reporter-output>
          </reporter-output>
        </test-method> <!-- afterTransactionsOparations -->
        <test-method is-config="true" signature="ticketDisplay()[pri:0, instance:testcases.TC_CAN_VoidOfSale@4a83a74a]" started-at="2024-06-19T15:56:01 IST" name="ticketDisplay" finished-at="2024-06-19T15:56:07 IST" duration-ms="5832" status="PASS">
          <reporter-output>
          </reporter-output>
        </test-method> <!-- ticketDisplay -->
        <test-method signature="TestCard04()[pri:0, instance:testcases.TC_CAN_VoidOfSale@4a83a74a]" started-at="2024-06-19T15:56:07 IST" name="TestCard04" finished-at="2024-06-19T15:57:02 IST" duration-ms="54661" status="PASS">
          <reporter-output>
          </reporter-output>
        </test-method> <!-- TestCard04 -->
        <test-method is-config="true" signature="afterTransactionsOparations()[pri:0, instance:testcases.TC_CAN_VoidOfSale@4a83a74a]" started-at="2024-06-19T15:57:02 IST" name="afterTransactionsOparations" finished-at="2024-06-19T15:57:04 IST" duration-ms="2323" status="PASS">
          <reporter-output>
          </reporter-output>
        </test-method> <!-- afterTransactionsOparations -->
        <test-method is-config="true" signature="ticketDisplay()[pri:0, instance:testcases.TC_CAN_VoidOfSale@4a83a74a]" started-at="2024-06-19T15:57:04 IST" name="ticketDisplay" finished-at="2024-06-19T15:57:10 IST" duration-ms="5979" status="PASS">
          <reporter-output>
          </reporter-output>
        </test-method> <!-- ticketDisplay -->
        <test-method signature="TestCard05()[pri:0, instance:testcases.TC_CAN_VoidOfSale@4a83a74a]" started-at="2024-06-19T15:57:10 IST" name="TestCard05" finished-at="2024-06-19T15:57:58 IST" duration-ms="48523" status="PASS">
          <reporter-output>
          </reporter-output>
        </test-method> <!-- TestCard05 -->
        <test-method is-config="true" signature="afterTransactionsOparations()[pri:0, instance:testcases.TC_CAN_VoidOfSale@4a83a74a]" started-at="2024-06-19T15:57:58 IST" name="afterTransactionsOparations" finished-at="2024-06-19T15:58:01 IST" duration-ms="2581" status="PASS">
          <reporter-output>
          </reporter-output>
        </test-method> <!-- afterTransactionsOparations -->
        <test-method is-config="true" signature="ticketDisplay()[pri:0, instance:testcases.TC_CAN_VoidOfSale@4a83a74a]" started-at="2024-06-19T15:58:01 IST" name="ticketDisplay" finished-at="2024-06-19T15:58:07 IST" duration-ms="6124" status="PASS">
          <reporter-output>
          </reporter-output>
        </test-method> <!-- ticketDisplay -->
        <test-method signature="TestCard05()[pri:0, instance:testcases.TC_CAN_VoidOfSale@4a83a74a]" started-at="2024-06-19T15:58:07 IST" name="TestCard05" finished-at="2024-06-19T15:58:40 IST" duration-ms="32523" status="PASS">
          <reporter-output>
          </reporter-output>
        </test-method> <!-- TestCard05 -->
        <test-method is-config="true" signature="afterTransactionsOparations()[pri:0, instance:testcases.TC_CAN_VoidOfSale@4a83a74a]" started-at="2024-06-19T15:58:40 IST" name="afterTransactionsOparations" finished-at="2024-06-19T15:58:42 IST" duration-ms="2604" status="PASS">
          <reporter-output>
          </reporter-output>
        </test-method> <!-- afterTransactionsOparations -->
        <test-method is-config="true" signature="ticketDisplay()[pri:0, instance:testcases.TC_CAN_VoidOfSale@4a83a74a]" started-at="2024-06-19T15:58:42 IST" name="ticketDisplay" finished-at="2024-06-19T15:58:49 IST" duration-ms="6232" status="PASS">
          <reporter-output>
          </reporter-output>
        </test-method> <!-- ticketDisplay -->
        <test-method signature="TestCard06()[pri:0, instance:testcases.TC_CAN_VoidOfSale@4a83a74a]" started-at="2024-06-19T15:58:49 IST" name="TestCard06" finished-at="2024-06-19T15:59:39 IST" duration-ms="50140" status="PASS">
          <reporter-output>
          </reporter-output>
        </test-method> <!-- TestCard06 -->
        <test-method is-config="true" signature="afterTransactionsOparations()[pri:0, instance:testcases.TC_CAN_VoidOfSale@4a83a74a]" started-at="2024-06-19T15:59:39 IST" name="afterTransactionsOparations" finished-at="2024-06-19T15:59:41 IST" duration-ms="2663" status="PASS">
          <reporter-output>
          </reporter-output>
        </test-method> <!-- afterTransactionsOparations -->
        <test-method is-config="true" signature="ticketDisplay()[pri:0, instance:testcases.TC_CAN_VoidOfSale@4a83a74a]" started-at="2024-06-19T15:59:41 IST" name="ticketDisplay" finished-at="2024-06-19T15:59:48 IST" duration-ms="6265" status="PASS">
          <reporter-output>
          </reporter-output>
        </test-method> <!-- ticketDisplay -->
        <test-method signature="TestCard06()[pri:0, instance:testcases.TC_CAN_VoidOfSale@4a83a74a]" started-at="2024-06-19T15:59:48 IST" name="TestCard06" finished-at="2024-06-19T16:00:28 IST" duration-ms="40484" status="PASS">
          <reporter-output>
          </reporter-output>
        </test-method> <!-- TestCard06 -->
        <test-method is-config="true" signature="afterTransactionsOparations()[pri:0, instance:testcases.TC_CAN_VoidOfSale@4a83a74a]" started-at="2024-06-19T16:00:28 IST" name="afterTransactionsOparations" finished-at="2024-06-19T16:00:31 IST" duration-ms="2555" status="PASS">
          <reporter-output>
          </reporter-output>
        </test-method> <!-- afterTransactionsOparations -->
        <test-method is-config="true" signature="ticketDisplay()[pri:0, instance:testcases.TC_CAN_VoidOfSale@4a83a74a]" started-at="2024-06-19T16:00:31 IST" name="ticketDisplay" finished-at="2024-06-19T16:00:37 IST" duration-ms="6510" status="PASS">
          <reporter-output>
          </reporter-output>
        </test-method> <!-- ticketDisplay -->
        <test-method signature="TestCard07()[pri:0, instance:testcases.TC_CAN_VoidOfSale@4a83a74a]" started-at="2024-06-19T16:00:37 IST" name="TestCard07" finished-at="2024-06-19T16:00:48 IST" duration-ms="10861" status="PASS">
          <reporter-output>
          </reporter-output>
        </test-method> <!-- TestCard07 -->
        <test-method is-config="true" signature="afterTransactionsOparations()[pri:0, instance:testcases.TC_CAN_VoidOfSale@4a83a74a]" started-at="2024-06-19T16:00:48 IST" name="afterTransactionsOparations" finished-at="2024-06-19T16:00:51 IST" duration-ms="2565" status="PASS">
          <reporter-output>
          </reporter-output>
        </test-method> <!-- afterTransactionsOparations -->
        <test-method is-config="true" signature="ticketDisplay()[pri:0, instance:testcases.TC_CAN_VoidOfSale@4a83a74a]" started-at="2024-06-19T16:00:51 IST" name="ticketDisplay" finished-at="2024-06-19T16:00:57 IST" duration-ms="6431" status="PASS">
          <reporter-output>
          </reporter-output>
        </test-method> <!-- ticketDisplay -->
        <test-method signature="TestCard08()[pri:0, instance:testcases.TC_CAN_VoidOfSale@4a83a74a]" started-at="2024-06-19T16:00:57 IST" name="TestCard08" finished-at="2024-06-19T16:01:46 IST" duration-ms="49172" status="PASS">
          <reporter-output>
          </reporter-output>
        </test-method> <!-- TestCard08 -->
        <test-method is-config="true" signature="afterTransactionsOparations()[pri:0, instance:testcases.TC_CAN_VoidOfSale@4a83a74a]" started-at="2024-06-19T16:01:46 IST" name="afterTransactionsOparations" finished-at="2024-06-19T16:01:49 IST" duration-ms="2599" status="PASS">
          <reporter-output>
          </reporter-output>
        </test-method> <!-- afterTransactionsOparations -->
        <test-method is-config="true" signature="ticketDisplay()[pri:0, instance:testcases.TC_CAN_VoidOfSale@4a83a74a]" started-at="2024-06-19T16:01:49 IST" name="ticketDisplay" finished-at="2024-06-19T16:01:56 IST" duration-ms="6837" status="PASS">
          <reporter-output>
          </reporter-output>
        </test-method> <!-- ticketDisplay -->
        <test-method signature="TestCard09()[pri:0, instance:testcases.TC_CAN_VoidOfSale@4a83a74a]" started-at="2024-06-19T16:01:56 IST" name="TestCard09" finished-at="2024-06-19T16:03:08 IST" duration-ms="72336" status="PASS">
          <reporter-output>
          </reporter-output>
        </test-method> <!-- TestCard09 -->
        <test-method is-config="true" signature="afterTransactionsOparations()[pri:0, instance:testcases.TC_CAN_VoidOfSale@4a83a74a]" started-at="2024-06-19T16:03:08 IST" name="afterTransactionsOparations" finished-at="2024-06-19T16:03:11 IST" duration-ms="2585" status="PASS">
          <reporter-output>
          </reporter-output>
        </test-method> <!-- afterTransactionsOparations -->
        <test-method is-config="true" signature="ticketDisplay()[pri:0, instance:testcases.TC_CAN_VoidOfSale@4a83a74a]" started-at="2024-06-19T16:03:11 IST" name="ticketDisplay" finished-at="2024-06-19T16:03:18 IST" duration-ms="7034" status="PASS">
          <reporter-output>
          </reporter-output>
        </test-method> <!-- ticketDisplay -->
        <test-method signature="TestCard10()[pri:0, instance:testcases.TC_CAN_VoidOfSale@4a83a74a]" started-at="2024-06-19T16:03:18 IST" name="TestCard10" finished-at="2024-06-19T16:04:14 IST" duration-ms="56342" status="PASS">
          <reporter-output>
          </reporter-output>
        </test-method> <!-- TestCard10 -->
        <test-method is-config="true" signature="afterTransactionsOparations()[pri:0, instance:testcases.TC_CAN_VoidOfSale@4a83a74a]" started-at="2024-06-19T16:04:14 IST" name="afterTransactionsOparations" finished-at="2024-06-19T16:04:16 IST" duration-ms="2405" status="PASS">
          <reporter-output>
          </reporter-output>
        </test-method> <!-- afterTransactionsOparations -->
        <test-method is-config="true" signature="ticketDisplay()[pri:0, instance:testcases.TC_CAN_VoidOfSale@4a83a74a]" started-at="2024-06-19T16:04:16 IST" name="ticketDisplay" finished-at="2024-06-19T16:04:23 IST" duration-ms="6923" status="PASS">
          <reporter-output>
          </reporter-output>
        </test-method> <!-- ticketDisplay -->
        <test-method signature="TestCard10()[pri:0, instance:testcases.TC_CAN_VoidOfSale@4a83a74a]" started-at="2024-06-19T16:04:23 IST" name="TestCard10" finished-at="2024-06-19T16:04:56 IST" duration-ms="32509" status="PASS">
          <reporter-output>
          </reporter-output>
        </test-method> <!-- TestCard10 -->
        <test-method is-config="true" signature="afterTransactionsOparations()[pri:0, instance:testcases.TC_CAN_VoidOfSale@4a83a74a]" started-at="2024-06-19T16:04:56 IST" name="afterTransactionsOparations" finished-at="2024-06-19T16:04:58 IST" duration-ms="2635" status="PASS">
          <reporter-output>
          </reporter-output>
        </test-method> <!-- afterTransactionsOparations -->
        <test-method is-config="true" signature="ticketDisplay()[pri:0, instance:testcases.TC_CAN_VoidOfSale@4a83a74a]" started-at="2024-06-19T16:04:58 IST" name="ticketDisplay" finished-at="2024-06-19T16:05:06 IST" duration-ms="7115" status="PASS">
          <reporter-output>
          </reporter-output>
        </test-method> <!-- ticketDisplay -->
        <test-method signature="TestCard11()[pri:0, instance:testcases.TC_CAN_VoidOfSale@4a83a74a]" started-at="2024-06-19T16:05:06 IST" name="TestCard11" finished-at="2024-06-19T16:06:02 IST" duration-ms="56923" status="PASS">
          <reporter-output>
          </reporter-output>
        </test-method> <!-- TestCard11 -->
        <test-method is-config="true" signature="afterTransactionsOparations()[pri:0, instance:testcases.TC_CAN_VoidOfSale@4a83a74a]" started-at="2024-06-19T16:06:02 IST" name="afterTransactionsOparations" finished-at="2024-06-19T16:06:05 IST" duration-ms="2446" status="PASS">
          <reporter-output>
          </reporter-output>
        </test-method> <!-- afterTransactionsOparations -->
        <test-method is-config="true" signature="ticketDisplay()[pri:0, instance:testcases.TC_CAN_VoidOfSale@4a83a74a]" started-at="2024-06-19T16:06:05 IST" name="ticketDisplay" finished-at="2024-06-19T16:06:12 IST" duration-ms="7396" status="PASS">
          <reporter-output>
          </reporter-output>
        </test-method> <!-- ticketDisplay -->
        <test-method signature="TestCard11()[pri:0, instance:testcases.TC_CAN_VoidOfSale@4a83a74a]" started-at="2024-06-19T16:06:12 IST" name="TestCard11" finished-at="2024-06-19T16:06:45 IST" duration-ms="32761" status="PASS">
          <reporter-output>
          </reporter-output>
        </test-method> <!-- TestCard11 -->
        <test-method is-config="true" signature="afterTransactionsOparations()[pri:0, instance:testcases.TC_CAN_VoidOfSale@4a83a74a]" started-at="2024-06-19T16:06:45 IST" name="afterTransactionsOparations" finished-at="2024-06-19T16:06:48 IST" duration-ms="2520" status="PASS">
          <reporter-output>
          </reporter-output>
        </test-method> <!-- afterTransactionsOparations -->
        <test-method is-config="true" signature="ticketDisplay()[pri:0, instance:testcases.TC_CAN_VoidOfSale@4a83a74a]" started-at="2024-06-19T16:06:48 IST" name="ticketDisplay" finished-at="2024-06-19T16:06:55 IST" duration-ms="7209" status="PASS">
          <reporter-output>
          </reporter-output>
        </test-method> <!-- ticketDisplay -->
        <test-method signature="TestCard12()[pri:0, instance:testcases.TC_CAN_VoidOfSale@4a83a74a]" started-at="2024-06-19T16:06:55 IST" name="TestCard12" finished-at="2024-06-19T16:07:49 IST" duration-ms="54439" status="PASS">
          <reporter-output>
          </reporter-output>
        </test-method> <!-- TestCard12 -->
        <test-method is-config="true" signature="afterTransactionsOparations()[pri:0, instance:testcases.TC_CAN_VoidOfSale@4a83a74a]" started-at="2024-06-19T16:07:49 IST" name="afterTransactionsOparations" finished-at="2024-06-19T16:07:52 IST" duration-ms="2619" status="PASS">
          <reporter-output>
          </reporter-output>
        </test-method> <!-- afterTransactionsOparations -->
        <test-method is-config="true" signature="ticketDisplay()[pri:0, instance:testcases.TC_CAN_VoidOfSale@4a83a74a]" started-at="2024-06-19T16:07:52 IST" name="ticketDisplay" finished-at="2024-06-19T16:07:59 IST" duration-ms="7305" status="PASS">
          <reporter-output>
          </reporter-output>
        </test-method> <!-- ticketDisplay -->
        <test-method signature="TestCard12()[pri:0, instance:testcases.TC_CAN_VoidOfSale@4a83a74a]" started-at="2024-06-19T16:07:59 IST" name="TestCard12" finished-at="2024-06-19T16:08:32 IST" duration-ms="32601" status="PASS">
          <reporter-output>
          </reporter-output>
        </test-method> <!-- TestCard12 -->
        <test-method is-config="true" signature="afterTransactionsOparations()[pri:0, instance:testcases.TC_CAN_VoidOfSale@4a83a74a]" started-at="2024-06-19T16:08:32 IST" name="afterTransactionsOparations" finished-at="2024-06-19T16:08:34 IST" duration-ms="2729" status="PASS">
          <reporter-output>
          </reporter-output>
        </test-method> <!-- afterTransactionsOparations -->
        <test-method is-config="true" signature="ticketDisplay()[pri:0, instance:testcases.TC_CAN_VoidOfSale@4a83a74a]" started-at="2024-06-19T16:08:34 IST" name="ticketDisplay" finished-at="2024-06-19T16:08:42 IST" duration-ms="7162" status="PASS">
          <reporter-output>
          </reporter-output>
        </test-method> <!-- ticketDisplay -->
        <test-method signature="TestCard13()[pri:0, instance:testcases.TC_CAN_VoidOfSale@4a83a74a]" started-at="2024-06-19T16:08:42 IST" name="TestCard13" finished-at="2024-06-19T16:09:33 IST" duration-ms="51701" status="PASS">
          <reporter-output>
          </reporter-output>
        </test-method> <!-- TestCard13 -->
        <test-method is-config="true" signature="afterTransactionsOparations()[pri:0, instance:testcases.TC_CAN_VoidOfSale@4a83a74a]" started-at="2024-06-19T16:09:33 IST" name="afterTransactionsOparations" finished-at="2024-06-19T16:09:36 IST" duration-ms="2406" status="PASS">
          <reporter-output>
          </reporter-output>
        </test-method> <!-- afterTransactionsOparations -->
        <test-method is-config="true" signature="ticketDisplay()[pri:0, instance:testcases.TC_CAN_VoidOfSale@4a83a74a]" started-at="2024-06-19T16:09:36 IST" name="ticketDisplay" finished-at="2024-06-19T16:09:43 IST" duration-ms="7269" status="PASS">
          <reporter-output>
          </reporter-output>
        </test-method> <!-- ticketDisplay -->
        <test-method signature="TestCard13()[pri:0, instance:testcases.TC_CAN_VoidOfSale@4a83a74a]" started-at="2024-06-19T16:09:43 IST" name="TestCard13" finished-at="2024-06-19T16:10:17 IST" duration-ms="33963" status="PASS">
          <reporter-output>
          </reporter-output>
        </test-method> <!-- TestCard13 -->
        <test-method is-config="true" signature="afterTransactionsOparations()[pri:0, instance:testcases.TC_CAN_VoidOfSale@4a83a74a]" started-at="2024-06-19T16:10:17 IST" name="afterTransactionsOparations" finished-at="2024-06-19T16:10:20 IST" duration-ms="2649" status="PASS">
          <reporter-output>
          </reporter-output>
        </test-method> <!-- afterTransactionsOparations -->
        <test-method is-config="true" signature="ticketDisplay()[pri:0, instance:testcases.TC_CAN_VoidOfSale@4a83a74a]" started-at="2024-06-19T16:10:20 IST" name="ticketDisplay" finished-at="2024-06-19T16:10:27 IST" duration-ms="7418" status="PASS">
          <reporter-output>
          </reporter-output>
        </test-method> <!-- ticketDisplay -->
        <test-method signature="TestCard14()[pri:0, instance:testcases.TC_CAN_VoidOfSale@4a83a74a]" started-at="2024-06-19T16:10:27 IST" name="TestCard14" finished-at="2024-06-19T16:10:58 IST" duration-ms="31360" status="FAIL">
          <exception class="java.lang.AssertionError">
            <message>
              <![CDATA[We are not getting ResponseText as APPROVAL or VALIDATION [null,,374245XXXXX1006,F,1,,AXC,null,0.00,050-DECLINED,20006,291241712413030306,000000000000000000,000000,374245XXXXX1006,AID Not Receive ,AID Not Receive ] expected [true] but found [false]]]>
            </message>
            <full-stacktrace>
              <![CDATA[java.lang.AssertionError: We are not getting ResponseText as APPROVAL or VALIDATION [null,,374245XXXXX1006,F,1,,AXC,null,0.00,050-DECLINED,20006,291241712413030306,000000000000000000,000000,374245XXXXX1006,AID Not Receive ,AID Not Receive ] expected [true] but found [false]
at org.testng.Assert.fail(Assert.java:111)
at org.testng.Assert.failNotEquals(Assert.java:1578)
at org.testng.Assert.assertTrue(Assert.java:57)
at base.BaseClass.performSaleTransaction(BaseClass.java:216)
at testcases.TC_CAN_VoidOfSale.TestCard14(TC_CAN_VoidOfSale.java:309)
at java.base/jdk.internal.reflect.NativeMethodAccessorImpl.invoke0(Native Method)
at java.base/jdk.internal.reflect.NativeMethodAccessorImpl.invoke(NativeMethodAccessorImpl.java:77)
at java.base/jdk.internal.reflect.DelegatingMethodAccessorImpl.invoke(DelegatingMethodAccessorImpl.java:43)
at java.base/java.lang.reflect.Method.invoke(Method.java:568)
at org.testng.internal.invokers.MethodInvocationHelper.invokeMethod(MethodInvocationHelper.java:139)
at org.testng.internal.invokers.TestInvoker.invokeMethod(TestInvoker.java:664)
at org.testng.internal.invokers.TestInvoker.invokeTestMethod(TestInvoker.java:228)
at org.testng.internal.invokers.MethodRunner.runInSequence(MethodRunner.java:63)
at org.testng.internal.invokers.TestInvoker$MethodInvocationAgent.invoke(TestInvoker.java:961)
at org.testng.internal.invokers.TestInvoker.invokeTestMethods(TestInvoker.java:201)
at org.testng.internal.invokers.TestMethodWorker.invokeTestMethods(TestMethodWorker.java:148)
at org.testng.internal.invokers.TestMethodWorker.run(TestMethodWorker.java:128)
at java.base/java.util.ArrayList.forEach(ArrayList.java:1511)
at org.testng.TestRunner.privateRun(TestRunner.java:819)
at org.testng.TestRunner.run(TestRunner.java:619)
at org.testng.SuiteRunner.runTest(SuiteRunner.java:443)
at org.testng.SuiteRunner.runSequentially(SuiteRunner.java:437)
at org.testng.SuiteRunner.privateRun(SuiteRunner.java:397)
at org.testng.SuiteRunner.run(SuiteRunner.java:336)
at org.testng.SuiteRunnerWorker.runSuite(SuiteRunnerWorker.java:52)
at org.testng.SuiteRunnerWorker.run(SuiteRunnerWorker.java:95)
at org.testng.TestNG.runSuitesSequentially(TestNG.java:1301)
at org.testng.TestNG.runSuitesLocally(TestNG.java:1228)
at org.testng.TestNG.runSuites(TestNG.java:1134)
at org.testng.TestNG.run(TestNG.java:1101)
at org.testng.remote.AbstractRemoteTestNG.run(AbstractRemoteTestNG.java:115)
at org.testng.remote.RemoteTestNG.initAndRun(RemoteTestNG.java:251)
at org.testng.remote.RemoteTestNG.main(RemoteTestNG.java:77)
]]>
            </full-stacktrace>
          </exception> <!-- java.lang.AssertionError -->
          <reporter-output>
          </reporter-output>
        </test-method> <!-- TestCard14 -->
        <test-method is-config="true" signature="afterTransactionsOparations()[pri:0, instance:testcases.TC_CAN_VoidOfSale@4a83a74a]" started-at="2024-06-19T16:10:58 IST" name="afterTransactionsOparations" finished-at="2024-06-19T16:11:01 IST" duration-ms="2457" status="PASS">
          <reporter-output>
          </reporter-output>
        </test-method> <!-- afterTransactionsOparations -->
        <test-method is-config="true" signature="ticketDisplay()[pri:0, instance:testcases.TC_CAN_VoidOfSale@4a83a74a]" started-at="2024-06-19T16:11:01 IST" name="ticketDisplay" finished-at="2024-06-19T16:11:09 IST" duration-ms="7632" status="PASS">
          <reporter-output>
          </reporter-output>
        </test-method> <!-- ticketDisplay -->
        <test-method signature="TestCard15()[pri:0, instance:testcases.TC_CAN_VoidOfSale@4a83a74a]" started-at="2024-06-19T16:11:09 IST" name="TestCard15" finished-at="2024-06-19T16:12:07 IST" duration-ms="58191" status="PASS">
          <reporter-output>
          </reporter-output>
        </test-method> <!-- TestCard15 -->
        <test-method is-config="true" signature="afterTransactionsOparations()[pri:0, instance:testcases.TC_CAN_VoidOfSale@4a83a74a]" started-at="2024-06-19T16:12:07 IST" name="afterTransactionsOparations" finished-at="2024-06-19T16:12:09 IST" duration-ms="2688" status="PASS">
          <reporter-output>
          </reporter-output>
        </test-method> <!-- afterTransactionsOparations -->
        <test-method is-config="true" signature="ticketDisplay()[pri:0, instance:testcases.TC_CAN_VoidOfSale@4a83a74a]" started-at="2024-06-19T16:12:09 IST" name="ticketDisplay" finished-at="2024-06-19T16:12:17 IST" duration-ms="7506" status="PASS">
          <reporter-output>
          </reporter-output>
        </test-method> <!-- ticketDisplay -->
        <test-method signature="TestCard15()[pri:0, instance:testcases.TC_CAN_VoidOfSale@4a83a74a]" started-at="2024-06-19T16:12:17 IST" name="TestCard15" finished-at="2024-06-19T16:12:47 IST" duration-ms="30375" status="PASS">
          <reporter-output>
          </reporter-output>
        </test-method> <!-- TestCard15 -->
        <test-method is-config="true" signature="afterTransactionsOparations()[pri:0, instance:testcases.TC_CAN_VoidOfSale@4a83a74a]" started-at="2024-06-19T16:12:47 IST" name="afterTransactionsOparations" finished-at="2024-06-19T16:12:50 IST" duration-ms="2454" status="PASS">
          <reporter-output>
          </reporter-output>
        </test-method> <!-- afterTransactionsOparations -->
        <test-method is-config="true" signature="ticketDisplay()[pri:0, instance:testcases.TC_CAN_VoidOfSale@4a83a74a]" started-at="2024-06-19T16:12:50 IST" name="ticketDisplay" finished-at="2024-06-19T16:12:57 IST" duration-ms="7510" status="PASS">
          <reporter-output>
          </reporter-output>
        </test-method> <!-- ticketDisplay -->
        <test-method signature="TestCard16()[pri:0, instance:testcases.TC_CAN_VoidOfSale@4a83a74a]" started-at="2024-06-19T16:12:57 IST" name="TestCard16" finished-at="2024-06-19T16:13:45 IST" duration-ms="48200" status="PASS">
          <reporter-output>
          </reporter-output>
        </test-method> <!-- TestCard16 -->
        <test-method is-config="true" signature="afterTransactionsOparations()[pri:0, instance:testcases.TC_CAN_VoidOfSale@4a83a74a]" started-at="2024-06-19T16:13:45 IST" name="afterTransactionsOparations" finished-at="2024-06-19T16:13:48 IST" duration-ms="2501" status="PASS">
          <reporter-output>
          </reporter-output>
        </test-method> <!-- afterTransactionsOparations -->
      </class> <!-- testcases.TC_CAN_VoidOfSale -->
      <class name="testcases.TC_CAN_VoidOfRefundWithoutSale">
        <test-method is-config="true" signature="ticketDisplay()[pri:0, instance:testcases.TC_CAN_VoidOfRefundWithoutSale@1349883]" started-at="2024-06-19T16:13:48 IST" name="ticketDisplay" finished-at="2024-06-19T16:13:56 IST" duration-ms="7574" status="PASS">
          <reporter-output>
          </reporter-output>
        </test-method> <!-- ticketDisplay -->
        <test-method signature="TestCard01()[pri:0, instance:testcases.TC_CAN_VoidOfRefundWithoutSale@1349883]" started-at="2024-06-19T16:13:56 IST" name="TestCard01" finished-at="2024-06-19T16:15:03 IST" duration-ms="67243" status="PASS">
          <reporter-output>
          </reporter-output>
        </test-method> <!-- TestCard01 -->
        <test-method is-config="true" signature="afterTransactionsOparations()[pri:0, instance:testcases.TC_CAN_VoidOfRefundWithoutSale@1349883]" started-at="2024-06-19T16:15:03 IST" name="afterTransactionsOparations" finished-at="2024-06-19T16:15:05 IST" duration-ms="2656" status="PASS">
          <reporter-output>
          </reporter-output>
        </test-method> <!-- afterTransactionsOparations -->
        <test-method is-config="true" signature="ticketDisplay()[pri:0, instance:testcases.TC_CAN_VoidOfRefundWithoutSale@1349883]" started-at="2024-06-19T16:15:05 IST" name="ticketDisplay" finished-at="2024-06-19T16:15:13 IST" duration-ms="7821" status="PASS">
          <reporter-output>
          </reporter-output>
        </test-method> <!-- ticketDisplay -->
        <test-method signature="TestCard01()[pri:0, instance:testcases.TC_CAN_VoidOfRefundWithoutSale@1349883]" started-at="2024-06-19T16:15:13 IST" name="TestCard01" finished-at="2024-06-19T16:15:50 IST" duration-ms="37092" status="PASS">
          <reporter-output>
          </reporter-output>
        </test-method> <!-- TestCard01 -->
        <test-method is-config="true" signature="afterTransactionsOparations()[pri:0, instance:testcases.TC_CAN_VoidOfRefundWithoutSale@1349883]" started-at="2024-06-19T16:15:50 IST" name="afterTransactionsOparations" finished-at="2024-06-19T16:15:53 IST" duration-ms="2468" status="PASS">
          <reporter-output>
          </reporter-output>
        </test-method> <!-- afterTransactionsOparations -->
        <test-method is-config="true" signature="ticketDisplay()[pri:0, instance:testcases.TC_CAN_VoidOfRefundWithoutSale@1349883]" started-at="2024-06-19T16:15:53 IST" name="ticketDisplay" finished-at="2024-06-19T16:16:01 IST" duration-ms="7977" status="PASS">
          <reporter-output>
          </reporter-output>
        </test-method> <!-- ticketDisplay -->
        <test-method signature="TestCard02()[pri:0, instance:testcases.TC_CAN_VoidOfRefundWithoutSale@1349883]" started-at="2024-06-19T16:16:01 IST" name="TestCard02" finished-at="2024-06-19T16:16:54 IST" duration-ms="52969" status="PASS">
          <reporter-output>
          </reporter-output>
        </test-method> <!-- TestCard02 -->
        <test-method is-config="true" signature="afterTransactionsOparations()[pri:0, instance:testcases.TC_CAN_VoidOfRefundWithoutSale@1349883]" started-at="2024-06-19T16:16:54 IST" name="afterTransactionsOparations" finished-at="2024-06-19T16:16:57 IST" duration-ms="3225" status="PASS">
          <reporter-output>
          </reporter-output>
        </test-method> <!-- afterTransactionsOparations -->
        <test-method is-config="true" signature="ticketDisplay()[pri:0, instance:testcases.TC_CAN_VoidOfRefundWithoutSale@1349883]" started-at="2024-06-19T16:16:57 IST" name="ticketDisplay" finished-at="2024-06-19T16:17:05 IST" duration-ms="7996" status="PASS">
          <reporter-output>
          </reporter-output>
        </test-method> <!-- ticketDisplay -->
        <test-method signature="TestCard03()[pri:0, instance:testcases.TC_CAN_VoidOfRefundWithoutSale@1349883]" started-at="2024-06-19T16:17:05 IST" name="TestCard03" finished-at="2024-06-19T16:17:50 IST" duration-ms="45473" status="PASS">
          <reporter-output>
          </reporter-output>
        </test-method> <!-- TestCard03 -->
        <test-method is-config="true" signature="afterTransactionsOparations()[pri:0, instance:testcases.TC_CAN_VoidOfRefundWithoutSale@1349883]" started-at="2024-06-19T16:17:50 IST" name="afterTransactionsOparations" finished-at="2024-06-19T16:17:53 IST" duration-ms="2716" status="PASS">
          <reporter-output>
          </reporter-output>
        </test-method> <!-- afterTransactionsOparations -->
        <test-method is-config="true" signature="ticketDisplay()[pri:0, instance:testcases.TC_CAN_VoidOfRefundWithoutSale@1349883]" started-at="2024-06-19T16:17:53 IST" name="ticketDisplay" finished-at="2024-06-19T16:18:01 IST" duration-ms="8047" status="PASS">
          <reporter-output>
          </reporter-output>
        </test-method> <!-- ticketDisplay -->
        <test-method signature="TestCard04()[pri:0, instance:testcases.TC_CAN_VoidOfRefundWithoutSale@1349883]" started-at="2024-06-19T16:18:01 IST" name="TestCard04" finished-at="2024-06-19T16:18:49 IST" duration-ms="47737" status="PASS">
          <reporter-output>
          </reporter-output>
        </test-method> <!-- TestCard04 -->
        <test-method is-config="true" signature="afterTransactionsOparations()[pri:0, instance:testcases.TC_CAN_VoidOfRefundWithoutSale@1349883]" started-at="2024-06-19T16:18:49 IST" name="afterTransactionsOparations" finished-at="2024-06-19T16:18:52 IST" duration-ms="2678" status="PASS">
          <reporter-output>
          </reporter-output>
        </test-method> <!-- afterTransactionsOparations -->
        <test-method is-config="true" signature="ticketDisplay()[pri:0, instance:testcases.TC_CAN_VoidOfRefundWithoutSale@1349883]" started-at="2024-06-19T16:18:52 IST" name="ticketDisplay" finished-at="2024-06-19T16:19:00 IST" duration-ms="8388" status="PASS">
          <reporter-output>
          </reporter-output>
        </test-method> <!-- ticketDisplay -->
        <test-method signature="TestCard05()[pri:0, instance:testcases.TC_CAN_VoidOfRefundWithoutSale@1349883]" started-at="2024-06-19T16:19:00 IST" name="TestCard05" finished-at="2024-06-19T16:19:51 IST" duration-ms="51307" status="PASS">
          <reporter-output>
          </reporter-output>
        </test-method> <!-- TestCard05 -->
        <test-method is-config="true" signature="afterTransactionsOparations()[pri:0, instance:testcases.TC_CAN_VoidOfRefundWithoutSale@1349883]" started-at="2024-06-19T16:19:51 IST" name="afterTransactionsOparations" finished-at="2024-06-19T16:19:54 IST" duration-ms="2505" status="PASS">
          <reporter-output>
          </reporter-output>
        </test-method> <!-- afterTransactionsOparations -->
        <test-method is-config="true" signature="ticketDisplay()[pri:0, instance:testcases.TC_CAN_VoidOfRefundWithoutSale@1349883]" started-at="2024-06-19T16:19:54 IST" name="ticketDisplay" finished-at="2024-06-19T16:20:02 IST" duration-ms="8516" status="PASS">
          <reporter-output>
          </reporter-output>
        </test-method> <!-- ticketDisplay -->
        <test-method signature="TestCard05()[pri:0, instance:testcases.TC_CAN_VoidOfRefundWithoutSale@1349883]" started-at="2024-06-19T16:20:02 IST" name="TestCard05" finished-at="2024-06-19T16:20:48 IST" duration-ms="45360" status="PASS">
          <reporter-output>
          </reporter-output>
        </test-method> <!-- TestCard05 -->
        <test-method is-config="true" signature="afterTransactionsOparations()[pri:0, instance:testcases.TC_CAN_VoidOfRefundWithoutSale@1349883]" started-at="2024-06-19T16:20:48 IST" name="afterTransactionsOparations" finished-at="2024-06-19T16:20:50 IST" duration-ms="2620" status="PASS">
          <reporter-output>
          </reporter-output>
        </test-method> <!-- afterTransactionsOparations -->
        <test-method is-config="true" signature="ticketDisplay()[pri:0, instance:testcases.TC_CAN_VoidOfRefundWithoutSale@1349883]" started-at="2024-06-19T16:20:50 IST" name="ticketDisplay" finished-at="2024-06-19T16:20:59 IST" duration-ms="8435" status="PASS">
          <reporter-output>
          </reporter-output>
        </test-method> <!-- ticketDisplay -->
        <test-method signature="TestCard06()[pri:0, instance:testcases.TC_CAN_VoidOfRefundWithoutSale@1349883]" started-at="2024-06-19T16:20:59 IST" name="TestCard06" finished-at="2024-06-19T16:21:48 IST" duration-ms="48768" status="PASS">
          <reporter-output>
          </reporter-output>
        </test-method> <!-- TestCard06 -->
        <test-method is-config="true" signature="afterTransactionsOparations()[pri:0, instance:testcases.TC_CAN_VoidOfRefundWithoutSale@1349883]" started-at="2024-06-19T16:21:48 IST" name="afterTransactionsOparations" finished-at="2024-06-19T16:21:50 IST" duration-ms="2681" status="PASS">
          <reporter-output>
          </reporter-output>
        </test-method> <!-- afterTransactionsOparations -->
        <test-method is-config="true" signature="ticketDisplay()[pri:0, instance:testcases.TC_CAN_VoidOfRefundWithoutSale@1349883]" started-at="2024-06-19T16:21:50 IST" name="ticketDisplay" finished-at="2024-06-19T16:21:59 IST" duration-ms="8651" status="PASS">
          <reporter-output>
          </reporter-output>
        </test-method> <!-- ticketDisplay -->
        <test-method signature="TestCard06()[pri:0, instance:testcases.TC_CAN_VoidOfRefundWithoutSale@1349883]" started-at="2024-06-19T16:21:59 IST" name="TestCard06" finished-at="2024-06-19T16:22:25 IST" duration-ms="26564" status="PASS">
          <reporter-output>
          </reporter-output>
        </test-method> <!-- TestCard06 -->
        <test-method is-config="true" signature="afterTransactionsOparations()[pri:0, instance:testcases.TC_CAN_VoidOfRefundWithoutSale@1349883]" started-at="2024-06-19T16:22:25 IST" name="afterTransactionsOparations" finished-at="2024-06-19T16:22:28 IST" duration-ms="2730" status="PASS">
          <reporter-output>
          </reporter-output>
        </test-method> <!-- afterTransactionsOparations -->
        <test-method is-config="true" signature="ticketDisplay()[pri:0, instance:testcases.TC_CAN_VoidOfRefundWithoutSale@1349883]" started-at="2024-06-19T16:22:28 IST" name="ticketDisplay" finished-at="2024-06-19T16:22:37 IST" duration-ms="8560" status="PASS">
          <reporter-output>
          </reporter-output>
        </test-method> <!-- ticketDisplay -->
        <test-method signature="TestCard07()[pri:0, instance:testcases.TC_CAN_VoidOfRefundWithoutSale@1349883]" started-at="2024-06-19T16:22:37 IST" name="TestCard07" finished-at="2024-06-19T16:22:49 IST" duration-ms="12606" status="PASS">
          <reporter-output>
          </reporter-output>
        </test-method> <!-- TestCard07 -->
        <test-method is-config="true" signature="afterTransactionsOparations()[pri:0, instance:testcases.TC_CAN_VoidOfRefundWithoutSale@1349883]" started-at="2024-06-19T16:22:49 IST" name="afterTransactionsOparations" finished-at="2024-06-19T16:22:52 IST" duration-ms="2495" status="PASS">
          <reporter-output>
          </reporter-output>
        </test-method> <!-- afterTransactionsOparations -->
        <test-method is-config="true" signature="ticketDisplay()[pri:0, instance:testcases.TC_CAN_VoidOfRefundWithoutSale@1349883]" started-at="2024-06-19T16:22:52 IST" name="ticketDisplay" finished-at="2024-06-19T16:23:00 IST" duration-ms="8580" status="PASS">
          <reporter-output>
          </reporter-output>
        </test-method> <!-- ticketDisplay -->
        <test-method signature="TestCard08()[pri:0, instance:testcases.TC_CAN_VoidOfRefundWithoutSale@1349883]" started-at="2024-06-19T16:23:00 IST" name="TestCard08" finished-at="2024-06-19T16:23:46 IST" duration-ms="45701" status="PASS">
          <reporter-output>
          </reporter-output>
        </test-method> <!-- TestCard08 -->
        <test-method is-config="true" signature="afterTransactionsOparations()[pri:0, instance:testcases.TC_CAN_VoidOfRefundWithoutSale@1349883]" started-at="2024-06-19T16:23:46 IST" name="afterTransactionsOparations" finished-at="2024-06-19T16:23:49 IST" duration-ms="2737" status="PASS">
          <reporter-output>
          </reporter-output>
        </test-method> <!-- afterTransactionsOparations -->
        <test-method is-config="true" signature="ticketDisplay()[pri:0, instance:testcases.TC_CAN_VoidOfRefundWithoutSale@1349883]" started-at="2024-06-19T16:23:49 IST" name="ticketDisplay" finished-at="2024-06-19T16:23:58 IST" duration-ms="8741" status="PASS">
          <reporter-output>
          </reporter-output>
        </test-method> <!-- ticketDisplay -->
        <test-method signature="TestCard09()[pri:0, instance:testcases.TC_CAN_VoidOfRefundWithoutSale@1349883]" started-at="2024-06-19T16:23:58 IST" name="TestCard09" finished-at="2024-06-19T16:24:59 IST" duration-ms="61593" status="PASS">
          <reporter-output>
          </reporter-output>
        </test-method> <!-- TestCard09 -->
        <test-method is-config="true" signature="afterTransactionsOparations()[pri:0, instance:testcases.TC_CAN_VoidOfRefundWithoutSale@1349883]" started-at="2024-06-19T16:24:59 IST" name="afterTransactionsOparations" finished-at="2024-06-19T16:25:02 IST" duration-ms="2806" status="PASS">
          <reporter-output>
          </reporter-output>
        </test-method> <!-- afterTransactionsOparations -->
        <test-method is-config="true" signature="ticketDisplay()[pri:0, instance:testcases.TC_CAN_VoidOfRefundWithoutSale@1349883]" started-at="2024-06-19T16:25:02 IST" name="ticketDisplay" finished-at="2024-06-19T16:25:11 IST" duration-ms="8932" status="PASS">
          <reporter-output>
          </reporter-output>
        </test-method> <!-- ticketDisplay -->
        <test-method signature="TestCard10()[pri:0, instance:testcases.TC_CAN_VoidOfRefundWithoutSale@1349883]" started-at="2024-06-19T16:25:11 IST" name="TestCard10" finished-at="2024-06-19T16:26:01 IST" duration-ms="50305" status="PASS">
          <reporter-output>
          </reporter-output>
        </test-method> <!-- TestCard10 -->
        <test-method is-config="true" signature="afterTransactionsOparations()[pri:0, instance:testcases.TC_CAN_VoidOfRefundWithoutSale@1349883]" started-at="2024-06-19T16:26:01 IST" name="afterTransactionsOparations" finished-at="2024-06-19T16:26:04 IST" duration-ms="2545" status="PASS">
          <reporter-output>
          </reporter-output>
        </test-method> <!-- afterTransactionsOparations -->
        <test-method is-config="true" signature="ticketDisplay()[pri:0, instance:testcases.TC_CAN_VoidOfRefundWithoutSale@1349883]" started-at="2024-06-19T16:26:04 IST" name="ticketDisplay" finished-at="2024-06-19T16:26:13 IST" duration-ms="9222" status="PASS">
          <reporter-output>
          </reporter-output>
        </test-method> <!-- ticketDisplay -->
        <test-method signature="TestCard10()[pri:0, instance:testcases.TC_CAN_VoidOfRefundWithoutSale@1349883]" started-at="2024-06-19T16:26:13 IST" name="TestCard10" finished-at="2024-06-19T16:26:47 IST" duration-ms="34337" status="PASS">
          <reporter-output>
          </reporter-output>
        </test-method> <!-- TestCard10 -->
        <test-method is-config="true" signature="afterTransactionsOparations()[pri:0, instance:testcases.TC_CAN_VoidOfRefundWithoutSale@1349883]" started-at="2024-06-19T16:26:47 IST" name="afterTransactionsOparations" finished-at="2024-06-19T16:26:50 IST" duration-ms="2682" status="PASS">
          <reporter-output>
          </reporter-output>
        </test-method> <!-- afterTransactionsOparations -->
        <test-method is-config="true" signature="ticketDisplay()[pri:0, instance:testcases.TC_CAN_VoidOfRefundWithoutSale@1349883]" started-at="2024-06-19T16:26:50 IST" name="ticketDisplay" finished-at="2024-06-19T16:26:59 IST" duration-ms="9027" status="PASS">
          <reporter-output>
          </reporter-output>
        </test-method> <!-- ticketDisplay -->
        <test-method signature="TestCard11()[pri:0, instance:testcases.TC_CAN_VoidOfRefundWithoutSale@1349883]" started-at="2024-06-19T16:26:59 IST" name="TestCard11" finished-at="2024-06-19T16:27:54 IST" duration-ms="54983" status="PASS">
          <reporter-output>
          </reporter-output>
        </test-method> <!-- TestCard11 -->
        <test-method is-config="true" signature="afterTransactionsOparations()[pri:0, instance:testcases.TC_CAN_VoidOfRefundWithoutSale@1349883]" started-at="2024-06-19T16:27:54 IST" name="afterTransactionsOparations" finished-at="2024-06-19T16:27:57 IST" duration-ms="2568" status="PASS">
          <reporter-output>
          </reporter-output>
        </test-method> <!-- afterTransactionsOparations -->
        <test-method is-config="true" signature="ticketDisplay()[pri:0, instance:testcases.TC_CAN_VoidOfRefundWithoutSale@1349883]" started-at="2024-06-19T16:27:57 IST" name="ticketDisplay" finished-at="2024-06-19T16:28:06 IST" duration-ms="9577" status="PASS">
          <reporter-output>
          </reporter-output>
        </test-method> <!-- ticketDisplay -->
        <test-method signature="TestCard11()[pri:0, instance:testcases.TC_CAN_VoidOfRefundWithoutSale@1349883]" started-at="2024-06-19T16:28:06 IST" name="TestCard11" finished-at="2024-06-19T16:28:43 IST" duration-ms="36538" status="PASS">
          <reporter-output>
          </reporter-output>
        </test-method> <!-- TestCard11 -->
        <test-method is-config="true" signature="afterTransactionsOparations()[pri:0, instance:testcases.TC_CAN_VoidOfRefundWithoutSale@1349883]" started-at="2024-06-19T16:28:43 IST" name="afterTransactionsOparations" finished-at="2024-06-19T16:28:45 IST" duration-ms="2776" status="PASS">
          <reporter-output>
          </reporter-output>
        </test-method> <!-- afterTransactionsOparations -->
        <test-method is-config="true" signature="ticketDisplay()[pri:0, instance:testcases.TC_CAN_VoidOfRefundWithoutSale@1349883]" started-at="2024-06-19T16:28:45 IST" name="ticketDisplay" finished-at="2024-06-19T16:28:55 IST" duration-ms="9465" status="PASS">
          <reporter-output>
          </reporter-output>
        </test-method> <!-- ticketDisplay -->
        <test-method signature="TestCard12()[pri:0, instance:testcases.TC_CAN_VoidOfRefundWithoutSale@1349883]" started-at="2024-06-19T16:28:55 IST" name="TestCard12" finished-at="2024-06-19T16:29:42 IST" duration-ms="47006" status="PASS">
          <reporter-output>
          </reporter-output>
        </test-method> <!-- TestCard12 -->
        <test-method is-config="true" signature="afterTransactionsOparations()[pri:0, instance:testcases.TC_CAN_VoidOfRefundWithoutSale@1349883]" started-at="2024-06-19T16:29:42 IST" name="afterTransactionsOparations" finished-at="2024-06-19T16:29:45 IST" duration-ms="2600" status="PASS">
          <reporter-output>
          </reporter-output>
        </test-method> <!-- afterTransactionsOparations -->
        <test-method is-config="true" signature="ticketDisplay()[pri:0, instance:testcases.TC_CAN_VoidOfRefundWithoutSale@1349883]" started-at="2024-06-19T16:29:45 IST" name="ticketDisplay" finished-at="2024-06-19T16:29:54 IST" duration-ms="9649" status="PASS">
          <reporter-output>
          </reporter-output>
        </test-method> <!-- ticketDisplay -->
        <test-method signature="TestCard12()[pri:0, instance:testcases.TC_CAN_VoidOfRefundWithoutSale@1349883]" started-at="2024-06-19T16:29:54 IST" name="TestCard12" finished-at="2024-06-19T16:30:24 IST" duration-ms="29965" status="PASS">
          <reporter-output>
          </reporter-output>
        </test-method> <!-- TestCard12 -->
        <test-method is-config="true" signature="afterTransactionsOparations()[pri:0, instance:testcases.TC_CAN_VoidOfRefundWithoutSale@1349883]" started-at="2024-06-19T16:30:24 IST" name="afterTransactionsOparations" finished-at="2024-06-19T16:30:27 IST" duration-ms="2695" status="PASS">
          <reporter-output>
          </reporter-output>
        </test-method> <!-- afterTransactionsOparations -->
        <test-method is-config="true" signature="ticketDisplay()[pri:0, instance:testcases.TC_CAN_VoidOfRefundWithoutSale@1349883]" started-at="2024-06-19T16:30:27 IST" name="ticketDisplay" finished-at="2024-06-19T16:30:37 IST" duration-ms="9817" status="PASS">
          <reporter-output>
          </reporter-output>
        </test-method> <!-- ticketDisplay -->
        <test-method signature="TestCard13()[pri:0, instance:testcases.TC_CAN_VoidOfRefundWithoutSale@1349883]" started-at="2024-06-19T16:30:37 IST" name="TestCard13" finished-at="2024-06-19T16:31:28 IST" duration-ms="51624" status="PASS">
          <reporter-output>
          </reporter-output>
        </test-method> <!-- TestCard13 -->
        <test-method is-config="true" signature="afterTransactionsOparations()[pri:0, instance:testcases.TC_CAN_VoidOfRefundWithoutSale@1349883]" started-at="2024-06-19T16:31:28 IST" name="afterTransactionsOparations" finished-at="2024-06-19T16:31:31 IST" duration-ms="2561" status="PASS">
          <reporter-output>
          </reporter-output>
        </test-method> <!-- afterTransactionsOparations -->
        <test-method is-config="true" signature="ticketDisplay()[pri:0, instance:testcases.TC_CAN_VoidOfRefundWithoutSale@1349883]" started-at="2024-06-19T16:31:31 IST" name="ticketDisplay" finished-at="2024-06-19T16:31:41 IST" duration-ms="9978" status="PASS">
          <reporter-output>
          </reporter-output>
        </test-method> <!-- ticketDisplay -->
        <test-method signature="TestCard13()[pri:0, instance:testcases.TC_CAN_VoidOfRefundWithoutSale@1349883]" started-at="2024-06-19T16:31:41 IST" name="TestCard13" finished-at="2024-06-19T16:32:14 IST" duration-ms="32918" status="PASS">
          <reporter-output>
          </reporter-output>
        </test-method> <!-- TestCard13 -->
        <test-method is-config="true" signature="afterTransactionsOparations()[pri:0, instance:testcases.TC_CAN_VoidOfRefundWithoutSale@1349883]" started-at="2024-06-19T16:32:14 IST" name="afterTransactionsOparations" finished-at="2024-06-19T16:32:16 IST" duration-ms="2623" status="PASS">
          <reporter-output>
          </reporter-output>
        </test-method> <!-- afterTransactionsOparations -->
        <test-method is-config="true" signature="ticketDisplay()[pri:0, instance:testcases.TC_CAN_VoidOfRefundWithoutSale@1349883]" started-at="2024-06-19T16:32:16 IST" name="ticketDisplay" finished-at="2024-06-19T16:32:26 IST" duration-ms="9747" status="PASS">
          <reporter-output>
          </reporter-output>
        </test-method> <!-- ticketDisplay -->
        <test-method signature="TestCard14()[pri:0, instance:testcases.TC_CAN_VoidOfRefundWithoutSale@1349883]" started-at="2024-06-19T16:32:26 IST" name="TestCard14" finished-at="2024-06-19T16:33:25 IST" duration-ms="58544" status="PASS">
          <reporter-output>
          </reporter-output>
        </test-method> <!-- TestCard14 -->
        <test-method is-config="true" signature="afterTransactionsOparations()[pri:0, instance:testcases.TC_CAN_VoidOfRefundWithoutSale@1349883]" started-at="2024-06-19T16:33:25 IST" name="afterTransactionsOparations" finished-at="2024-06-19T16:33:27 IST" duration-ms="2679" status="PASS">
          <reporter-output>
          </reporter-output>
        </test-method> <!-- afterTransactionsOparations -->
        <test-method is-config="true" signature="ticketDisplay()[pri:0, instance:testcases.TC_CAN_VoidOfRefundWithoutSale@1349883]" started-at="2024-06-19T16:33:27 IST" name="ticketDisplay" finished-at="2024-06-19T16:33:37 IST" duration-ms="10087" status="PASS">
          <reporter-output>
          </reporter-output>
        </test-method> <!-- ticketDisplay -->
        <test-method signature="TestCard15()[pri:0, instance:testcases.TC_CAN_VoidOfRefundWithoutSale@1349883]" started-at="2024-06-19T16:33:37 IST" name="TestCard15" finished-at="2024-06-19T16:34:23 IST" duration-ms="45681" status="PASS">
          <reporter-output>
          </reporter-output>
        </test-method> <!-- TestCard15 -->
        <test-method is-config="true" signature="afterTransactionsOparations()[pri:0, instance:testcases.TC_CAN_VoidOfRefundWithoutSale@1349883]" started-at="2024-06-19T16:34:23 IST" name="afterTransactionsOparations" finished-at="2024-06-19T16:34:26 IST" duration-ms="2618" status="PASS">
          <reporter-output>
          </reporter-output>
        </test-method> <!-- afterTransactionsOparations -->
        <test-method is-config="true" signature="ticketDisplay()[pri:0, instance:testcases.TC_CAN_VoidOfRefundWithoutSale@1349883]" started-at="2024-06-19T16:34:26 IST" name="ticketDisplay" finished-at="2024-06-19T16:34:36 IST" duration-ms="10396" status="PASS">
          <reporter-output>
          </reporter-output>
        </test-method> <!-- ticketDisplay -->
        <test-method signature="TestCard15()[pri:0, instance:testcases.TC_CAN_VoidOfRefundWithoutSale@1349883]" started-at="2024-06-19T16:34:36 IST" name="TestCard15" finished-at="2024-06-19T16:35:27 IST" duration-ms="50910" status="PASS">
          <reporter-output>
          </reporter-output>
        </test-method> <!-- TestCard15 -->
        <test-method is-config="true" signature="afterTransactionsOparations()[pri:0, instance:testcases.TC_CAN_VoidOfRefundWithoutSale@1349883]" started-at="2024-06-19T16:35:27 IST" name="afterTransactionsOparations" finished-at="2024-06-19T16:35:30 IST" duration-ms="2833" status="PASS">
          <reporter-output>
          </reporter-output>
        </test-method> <!-- afterTransactionsOparations -->
        <test-method is-config="true" signature="ticketDisplay()[pri:0, instance:testcases.TC_CAN_VoidOfRefundWithoutSale@1349883]" started-at="2024-06-19T16:35:30 IST" name="ticketDisplay" finished-at="2024-06-19T16:35:40 IST" duration-ms="10503" status="PASS">
          <reporter-output>
          </reporter-output>
        </test-method> <!-- ticketDisplay -->
        <test-method signature="TestCard16()[pri:0, instance:testcases.TC_CAN_VoidOfRefundWithoutSale@1349883]" started-at="2024-06-19T16:35:40 IST" name="TestCard16" finished-at="2024-06-19T16:36:29 IST" duration-ms="48637" status="PASS">
          <reporter-output>
          </reporter-output>
        </test-method> <!-- TestCard16 -->
        <test-method is-config="true" signature="afterTransactionsOparations()[pri:0, instance:testcases.TC_CAN_VoidOfRefundWithoutSale@1349883]" started-at="2024-06-19T16:36:29 IST" name="afterTransactionsOparations" finished-at="2024-06-19T16:36:32 IST" duration-ms="2602" status="PASS">
          <reporter-output>
          </reporter-output>
        </test-method> <!-- afterTransactionsOparations -->
      </class> <!-- testcases.TC_CAN_VoidOfRefundWithoutSale -->
      <class name="testcases.TC_CAN_RefundOfSale">
        <test-method is-config="true" signature="beforeSuite()[pri:0, instance:testcases.TC_CAN_RefundOfSale@742ff096]" started-at="2024-06-19T15:34:06 IST" name="beforeSuite" finished-at="2024-06-19T15:34:06 IST" duration-ms="13" status="PASS">
          <reporter-output>
          </reporter-output>
        </test-method> <!-- beforeSuite -->
        <test-method is-config="true" signature="ticketDisplay()[pri:0, instance:testcases.TC_CAN_RefundOfSale@742ff096]" started-at="2024-06-19T15:34:06 IST" name="ticketDisplay" finished-at="2024-06-19T15:34:08 IST" duration-ms="1500" status="PASS">
          <reporter-output>
          </reporter-output>
        </test-method> <!-- ticketDisplay -->
        <test-method signature="TestCard01()[pri:0, instance:testcases.TC_CAN_RefundOfSale@742ff096]" started-at="2024-06-19T15:34:08 IST" name="TestCard01" finished-at="2024-06-19T15:35:00 IST" duration-ms="52024" status="PASS">
          <reporter-output>
          </reporter-output>
        </test-method> <!-- TestCard01 -->
        <test-method is-config="true" signature="afterTransactionsOparations()[pri:0, instance:testcases.TC_CAN_RefundOfSale@742ff096]" started-at="2024-06-19T15:35:00 IST" name="afterTransactionsOparations" finished-at="2024-06-19T15:35:02 IST" duration-ms="2494" status="PASS">
          <reporter-output>
          </reporter-output>
        </test-method> <!-- afterTransactionsOparations -->
        <test-method is-config="true" signature="ticketDisplay()[pri:0, instance:testcases.TC_CAN_RefundOfSale@742ff096]" started-at="2024-06-19T15:35:02 IST" name="ticketDisplay" finished-at="2024-06-19T15:35:06 IST" duration-ms="4048" status="PASS">
          <reporter-output>
          </reporter-output>
        </test-method> <!-- ticketDisplay -->
        <test-method signature="TestCard01()[pri:0, instance:testcases.TC_CAN_RefundOfSale@742ff096]" started-at="2024-06-19T15:35:06 IST" name="TestCard01" finished-at="2024-06-19T15:35:31 IST" duration-ms="24777" status="PASS">
          <reporter-output>
          </reporter-output>
        </test-method> <!-- TestCard01 -->
        <test-method is-config="true" signature="afterTransactionsOparations()[pri:0, instance:testcases.TC_CAN_RefundOfSale@742ff096]" started-at="2024-06-19T15:35:31 IST" name="afterTransactionsOparations" finished-at="2024-06-19T15:35:33 IST" duration-ms="2271" status="PASS">
          <reporter-output>
          </reporter-output>
        </test-method> <!-- afterTransactionsOparations -->
        <test-method is-config="true" signature="ticketDisplay()[pri:0, instance:testcases.TC_CAN_RefundOfSale@742ff096]" started-at="2024-06-19T15:35:33 IST" name="ticketDisplay" finished-at="2024-06-19T15:35:38 IST" duration-ms="4205" status="PASS">
          <reporter-output>
          </reporter-output>
        </test-method> <!-- ticketDisplay -->
        <test-method signature="TestCard02()[pri:0, instance:testcases.TC_CAN_RefundOfSale@742ff096]" started-at="2024-06-19T15:35:38 IST" name="TestCard02" finished-at="2024-06-19T15:36:33 IST" duration-ms="55154" status="PASS">
          <reporter-output>
          </reporter-output>
        </test-method> <!-- TestCard02 -->
        <test-method is-config="true" signature="afterTransactionsOparations()[pri:0, instance:testcases.TC_CAN_RefundOfSale@742ff096]" started-at="2024-06-19T15:36:33 IST" name="afterTransactionsOparations" finished-at="2024-06-19T15:36:35 IST" duration-ms="2461" status="PASS">
          <reporter-output>
          </reporter-output>
        </test-method> <!-- afterTransactionsOparations -->
        <test-method is-config="true" signature="ticketDisplay()[pri:0, instance:testcases.TC_CAN_RefundOfSale@742ff096]" started-at="2024-06-19T15:36:35 IST" name="ticketDisplay" finished-at="2024-06-19T15:36:39 IST" duration-ms="4238" status="PASS">
          <reporter-output>
          </reporter-output>
        </test-method> <!-- ticketDisplay -->
        <test-method signature="TestCard03()[pri:0, instance:testcases.TC_CAN_RefundOfSale@742ff096]" started-at="2024-06-19T15:36:39 IST" name="TestCard03" finished-at="2024-06-19T15:37:16 IST" duration-ms="36363" status="PASS">
          <reporter-output>
          </reporter-output>
        </test-method> <!-- TestCard03 -->
        <test-method is-config="true" signature="afterTransactionsOparations()[pri:0, instance:testcases.TC_CAN_RefundOfSale@742ff096]" started-at="2024-06-19T15:37:16 IST" name="afterTransactionsOparations" finished-at="2024-06-19T15:37:18 IST" duration-ms="2351" status="PASS">
          <reporter-output>
          </reporter-output>
        </test-method> <!-- afterTransactionsOparations -->
        <test-method is-config="true" signature="ticketDisplay()[pri:0, instance:testcases.TC_CAN_RefundOfSale@742ff096]" started-at="2024-06-19T15:37:18 IST" name="ticketDisplay" finished-at="2024-06-19T15:37:22 IST" duration-ms="4333" status="PASS">
          <reporter-output>
          </reporter-output>
        </test-method> <!-- ticketDisplay -->
        <test-method signature="TestCard04()[pri:0, instance:testcases.TC_CAN_RefundOfSale@742ff096]" started-at="2024-06-19T15:37:22 IST" name="TestCard04" finished-at="2024-06-19T15:38:06 IST" duration-ms="43515" status="PASS">
          <reporter-output>
          </reporter-output>
        </test-method> <!-- TestCard04 -->
        <test-method is-config="true" signature="afterTransactionsOparations()[pri:0, instance:testcases.TC_CAN_RefundOfSale@742ff096]" started-at="2024-06-19T15:38:06 IST" name="afterTransactionsOparations" finished-at="2024-06-19T15:38:08 IST" duration-ms="2477" status="PASS">
          <reporter-output>
          </reporter-output>
        </test-method> <!-- afterTransactionsOparations -->
        <test-method is-config="true" signature="ticketDisplay()[pri:0, instance:testcases.TC_CAN_RefundOfSale@742ff096]" started-at="2024-06-19T15:38:08 IST" name="ticketDisplay" finished-at="2024-06-19T15:38:13 IST" duration-ms="4392" status="PASS">
          <reporter-output>
          </reporter-output>
        </test-method> <!-- ticketDisplay -->
        <test-method signature="TestCard05()[pri:0, instance:testcases.TC_CAN_RefundOfSale@742ff096]" started-at="2024-06-19T15:38:13 IST" name="TestCard05" finished-at="2024-06-19T15:38:46 IST" duration-ms="32790" status="PASS">
          <reporter-output>
          </reporter-output>
        </test-method> <!-- TestCard05 -->
        <test-method is-config="true" signature="afterTransactionsOparations()[pri:0, instance:testcases.TC_CAN_RefundOfSale@742ff096]" started-at="2024-06-19T15:38:46 IST" name="afterTransactionsOparations" finished-at="2024-06-19T15:38:46 IST" duration-ms="836" status="PASS">
          <reporter-output>
          </reporter-output>
        </test-method> <!-- afterTransactionsOparations -->
        <test-method is-config="true" signature="ticketDisplay()[pri:0, instance:testcases.TC_CAN_RefundOfSale@742ff096]" started-at="2024-06-19T15:38:46 IST" name="ticketDisplay" finished-at="2024-06-19T15:38:48 IST" duration-ms="1283" status="PASS">
          <reporter-output>
          </reporter-output>
        </test-method> <!-- ticketDisplay -->
        <test-method signature="TestCard05()[pri:0, instance:testcases.TC_CAN_RefundOfSale@742ff096]" started-at="2024-06-19T15:38:48 IST" name="TestCard05" finished-at="2024-06-19T15:39:20 IST" duration-ms="31937" status="PASS">
          <reporter-output>
          </reporter-output>
        </test-method> <!-- TestCard05 -->
        <test-method is-config="true" signature="afterTransactionsOparations()[pri:0, instance:testcases.TC_CAN_RefundOfSale@742ff096]" started-at="2024-06-19T15:39:20 IST" name="afterTransactionsOparations" finished-at="2024-06-19T15:39:22 IST" duration-ms="2449" status="PASS">
          <reporter-output>
          </reporter-output>
        </test-method> <!-- afterTransactionsOparations -->
        <test-method is-config="true" signature="ticketDisplay()[pri:0, instance:testcases.TC_CAN_RefundOfSale@742ff096]" started-at="2024-06-19T15:39:22 IST" name="ticketDisplay" finished-at="2024-06-19T15:39:27 IST" duration-ms="4433" status="PASS">
          <reporter-output>
          </reporter-output>
        </test-method> <!-- ticketDisplay -->
        <test-method signature="TestCard06()[pri:0, instance:testcases.TC_CAN_RefundOfSale@742ff096]" started-at="2024-06-19T15:39:27 IST" name="TestCard06" finished-at="2024-06-19T15:40:12 IST" duration-ms="45907" status="PASS">
          <reporter-output>
          </reporter-output>
        </test-method> <!-- TestCard06 -->
        <test-method is-config="true" signature="afterTransactionsOparations()[pri:0, instance:testcases.TC_CAN_RefundOfSale@742ff096]" started-at="2024-06-19T15:40:12 IST" name="afterTransactionsOparations" finished-at="2024-06-19T15:40:15 IST" duration-ms="2246" status="PASS">
          <reporter-output>
          </reporter-output>
        </test-method> <!-- afterTransactionsOparations -->
        <test-method is-config="true" signature="ticketDisplay()[pri:0, instance:testcases.TC_CAN_RefundOfSale@742ff096]" started-at="2024-06-19T15:40:15 IST" name="ticketDisplay" finished-at="2024-06-19T15:40:19 IST" duration-ms="4547" status="PASS">
          <reporter-output>
          </reporter-output>
        </test-method> <!-- ticketDisplay -->
        <test-method signature="TestCard06()[pri:0, instance:testcases.TC_CAN_RefundOfSale@742ff096]" started-at="2024-06-19T15:40:19 IST" name="TestCard06" finished-at="2024-06-19T15:40:48 IST" duration-ms="28502" status="PASS">
          <reporter-output>
          </reporter-output>
        </test-method> <!-- TestCard06 -->
        <test-method is-config="true" signature="afterTransactionsOparations()[pri:0, instance:testcases.TC_CAN_RefundOfSale@742ff096]" started-at="2024-06-19T15:40:48 IST" name="afterTransactionsOparations" finished-at="2024-06-19T15:40:50 IST" duration-ms="2271" status="PASS">
          <reporter-output>
          </reporter-output>
        </test-method> <!-- afterTransactionsOparations -->
        <test-method is-config="true" signature="ticketDisplay()[pri:0, instance:testcases.TC_CAN_RefundOfSale@742ff096]" started-at="2024-06-19T15:40:50 IST" name="ticketDisplay" finished-at="2024-06-19T15:40:55 IST" duration-ms="4511" status="PASS">
          <reporter-output>
          </reporter-output>
        </test-method> <!-- ticketDisplay -->
        <test-method signature="TestCard07()[pri:0, instance:testcases.TC_CAN_RefundOfSale@742ff096]" started-at="2024-06-19T15:40:55 IST" name="TestCard07" finished-at="2024-06-19T15:41:06 IST" duration-ms="11806" status="PASS">
          <reporter-output>
          </reporter-output>
        </test-method> <!-- TestCard07 -->
        <test-method is-config="true" signature="afterTransactionsOparations()[pri:0, instance:testcases.TC_CAN_RefundOfSale@742ff096]" started-at="2024-06-19T15:41:06 IST" name="afterTransactionsOparations" finished-at="2024-06-19T15:41:09 IST" duration-ms="2456" status="PASS">
          <reporter-output>
          </reporter-output>
        </test-method> <!-- afterTransactionsOparations -->
        <test-method is-config="true" signature="ticketDisplay()[pri:0, instance:testcases.TC_CAN_RefundOfSale@742ff096]" started-at="2024-06-19T15:41:09 IST" name="ticketDisplay" finished-at="2024-06-19T15:41:13 IST" duration-ms="4508" status="PASS">
          <reporter-output>
          </reporter-output>
        </test-method> <!-- ticketDisplay -->
        <test-method signature="TestCard08()[pri:0, instance:testcases.TC_CAN_RefundOfSale@742ff096]" started-at="2024-06-19T15:41:13 IST" name="TestCard08" finished-at="2024-06-19T15:41:59 IST" duration-ms="45196" status="PASS">
          <reporter-output>
          </reporter-output>
        </test-method> <!-- TestCard08 -->
        <test-method is-config="true" signature="afterTransactionsOparations()[pri:0, instance:testcases.TC_CAN_RefundOfSale@742ff096]" started-at="2024-06-19T15:41:59 IST" name="afterTransactionsOparations" finished-at="2024-06-19T15:42:01 IST" duration-ms="2468" status="PASS">
          <reporter-output>
          </reporter-output>
        </test-method> <!-- afterTransactionsOparations -->
        <test-method is-config="true" signature="ticketDisplay()[pri:0, instance:testcases.TC_CAN_RefundOfSale@742ff096]" started-at="2024-06-19T15:42:01 IST" name="ticketDisplay" finished-at="2024-06-19T15:42:06 IST" duration-ms="4557" status="PASS">
          <reporter-output>
          </reporter-output>
        </test-method> <!-- ticketDisplay -->
        <test-method signature="TestCard09()[pri:0, instance:testcases.TC_CAN_RefundOfSale@742ff096]" started-at="2024-06-19T15:42:06 IST" name="TestCard09" finished-at="2024-06-19T15:43:07 IST" duration-ms="61254" status="PASS">
          <reporter-output>
          </reporter-output>
        </test-method> <!-- TestCard09 -->
        <test-method is-config="true" signature="afterTransactionsOparations()[pri:0, instance:testcases.TC_CAN_RefundOfSale@742ff096]" started-at="2024-06-19T15:43:07 IST" name="afterTransactionsOparations" finished-at="2024-06-19T15:43:09 IST" duration-ms="2242" status="PASS">
          <reporter-output>
          </reporter-output>
        </test-method> <!-- afterTransactionsOparations -->
        <test-method is-config="true" signature="ticketDisplay()[pri:0, instance:testcases.TC_CAN_RefundOfSale@742ff096]" started-at="2024-06-19T15:43:09 IST" name="ticketDisplay" finished-at="2024-06-19T15:43:14 IST" duration-ms="4641" status="PASS">
          <reporter-output>
          </reporter-output>
        </test-method> <!-- ticketDisplay -->
        <test-method signature="TestCard10()[pri:0, instance:testcases.TC_CAN_RefundOfSale@742ff096]" started-at="2024-06-19T15:43:14 IST" name="TestCard10" finished-at="2024-06-19T15:44:07 IST" duration-ms="53812" status="PASS">
          <reporter-output>
          </reporter-output>
        </test-method> <!-- TestCard10 -->
        <test-method is-config="true" signature="afterTransactionsOparations()[pri:0, instance:testcases.TC_CAN_RefundOfSale@742ff096]" started-at="2024-06-19T15:44:07 IST" name="afterTransactionsOparations" finished-at="2024-06-19T15:44:10 IST" duration-ms="2392" status="PASS">
          <reporter-output>
          </reporter-output>
        </test-method> <!-- afterTransactionsOparations -->
        <test-method is-config="true" signature="ticketDisplay()[pri:0, instance:testcases.TC_CAN_RefundOfSale@742ff096]" started-at="2024-06-19T15:44:10 IST" name="ticketDisplay" finished-at="2024-06-19T15:44:15 IST" duration-ms="4752" status="PASS">
          <reporter-output>
          </reporter-output>
        </test-method> <!-- ticketDisplay -->
        <test-method signature="TestCard10()[pri:0, instance:testcases.TC_CAN_RefundOfSale@742ff096]" started-at="2024-06-19T15:44:15 IST" name="TestCard10" finished-at="2024-06-19T15:44:43 IST" duration-ms="28033" status="PASS">
          <reporter-output>
          </reporter-output>
        </test-method> <!-- TestCard10 -->
        <test-method is-config="true" signature="afterTransactionsOparations()[pri:0, instance:testcases.TC_CAN_RefundOfSale@742ff096]" started-at="2024-06-19T15:44:43 IST" name="afterTransactionsOparations" finished-at="2024-06-19T15:44:45 IST" duration-ms="2267" status="PASS">
          <reporter-output>
          </reporter-output>
        </test-method> <!-- afterTransactionsOparations -->
        <test-method is-config="true" signature="ticketDisplay()[pri:0, instance:testcases.TC_CAN_RefundOfSale@742ff096]" started-at="2024-06-19T15:44:45 IST" name="ticketDisplay" finished-at="2024-06-19T15:44:50 IST" duration-ms="4800" status="PASS">
          <reporter-output>
          </reporter-output>
        </test-method> <!-- ticketDisplay -->
        <test-method signature="TestCard11()[pri:0, instance:testcases.TC_CAN_RefundOfSale@742ff096]" started-at="2024-06-19T15:44:50 IST" name="TestCard11" finished-at="2024-06-19T15:45:44 IST" duration-ms="53842" status="PASS">
          <reporter-output>
          </reporter-output>
        </test-method> <!-- TestCard11 -->
        <test-method is-config="true" signature="afterTransactionsOparations()[pri:0, instance:testcases.TC_CAN_RefundOfSale@742ff096]" started-at="2024-06-19T15:45:44 IST" name="afterTransactionsOparations" finished-at="2024-06-19T15:45:46 IST" duration-ms="2411" status="PASS">
          <reporter-output>
          </reporter-output>
        </test-method> <!-- afterTransactionsOparations -->
        <test-method is-config="true" signature="ticketDisplay()[pri:0, instance:testcases.TC_CAN_RefundOfSale@742ff096]" started-at="2024-06-19T15:45:46 IST" name="ticketDisplay" finished-at="2024-06-19T15:45:51 IST" duration-ms="5018" status="PASS">
          <reporter-output>
          </reporter-output>
        </test-method> <!-- ticketDisplay -->
        <test-method signature="TestCard11()[pri:0, instance:testcases.TC_CAN_RefundOfSale@742ff096]" started-at="2024-06-19T15:45:51 IST" name="TestCard11" finished-at="2024-06-19T15:46:22 IST" duration-ms="30838" status="PASS">
          <reporter-output>
          </reporter-output>
        </test-method> <!-- TestCard11 -->
        <test-method is-config="true" signature="afterTransactionsOparations()[pri:0, instance:testcases.TC_CAN_RefundOfSale@742ff096]" started-at="2024-06-19T15:46:22 IST" name="afterTransactionsOparations" finished-at="2024-06-19T15:46:24 IST" duration-ms="2270" status="PASS">
          <reporter-output>
          </reporter-output>
        </test-method> <!-- afterTransactionsOparations -->
        <test-method is-config="true" signature="ticketDisplay()[pri:0, instance:testcases.TC_CAN_RefundOfSale@742ff096]" started-at="2024-06-19T15:46:24 IST" name="ticketDisplay" finished-at="2024-06-19T15:46:29 IST" duration-ms="4948" status="PASS">
          <reporter-output>
          </reporter-output>
        </test-method> <!-- ticketDisplay -->
        <test-method signature="TestCard12()[pri:0, instance:testcases.TC_CAN_RefundOfSale@742ff096]" started-at="2024-06-19T15:46:29 IST" name="TestCard12" finished-at="2024-06-19T15:47:20 IST" duration-ms="51057" status="PASS">
          <reporter-output>
          </reporter-output>
        </test-method> <!-- TestCard12 -->
        <test-method is-config="true" signature="afterTransactionsOparations()[pri:0, instance:testcases.TC_CAN_RefundOfSale@742ff096]" started-at="2024-06-19T15:47:20 IST" name="afterTransactionsOparations" finished-at="2024-06-19T15:47:22 IST" duration-ms="2306" status="PASS">
          <reporter-output>
          </reporter-output>
        </test-method> <!-- afterTransactionsOparations -->
        <test-method is-config="true" signature="ticketDisplay()[pri:0, instance:testcases.TC_CAN_RefundOfSale@742ff096]" started-at="2024-06-19T15:47:22 IST" name="ticketDisplay" finished-at="2024-06-19T15:47:27 IST" duration-ms="4914" status="PASS">
          <reporter-output>
          </reporter-output>
        </test-method> <!-- ticketDisplay -->
        <test-method signature="TestCard12()[pri:0, instance:testcases.TC_CAN_RefundOfSale@742ff096]" started-at="2024-06-19T15:47:27 IST" name="TestCard12" finished-at="2024-06-19T15:47:57 IST" duration-ms="29479" status="PASS">
          <reporter-output>
          </reporter-output>
        </test-method> <!-- TestCard12 -->
        <test-method is-config="true" signature="afterTransactionsOparations()[pri:0, instance:testcases.TC_CAN_RefundOfSale@742ff096]" started-at="2024-06-19T15:47:57 IST" name="afterTransactionsOparations" finished-at="2024-06-19T15:47:59 IST" duration-ms="2275" status="PASS">
          <reporter-output>
          </reporter-output>
        </test-method> <!-- afterTransactionsOparations -->
        <test-method is-config="true" signature="ticketDisplay()[pri:0, instance:testcases.TC_CAN_RefundOfSale@742ff096]" started-at="2024-06-19T15:47:59 IST" name="ticketDisplay" finished-at="2024-06-19T15:48:04 IST" duration-ms="4978" status="PASS">
          <reporter-output>
          </reporter-output>
        </test-method> <!-- ticketDisplay -->
        <test-method signature="TestCard13()[pri:0, instance:testcases.TC_CAN_RefundOfSale@742ff096]" started-at="2024-06-19T15:48:04 IST" name="TestCard13" finished-at="2024-06-19T15:48:46 IST" duration-ms="41457" status="PASS">
          <reporter-output>
          </reporter-output>
        </test-method> <!-- TestCard13 -->
        <test-method is-config="true" signature="afterTransactionsOparations()[pri:0, instance:testcases.TC_CAN_RefundOfSale@742ff096]" started-at="2024-06-19T15:48:46 IST" name="afterTransactionsOparations" finished-at="2024-06-19T15:48:48 IST" duration-ms="2407" status="PASS">
          <reporter-output>
          </reporter-output>
        </test-method> <!-- afterTransactionsOparations -->
        <test-method is-config="true" signature="ticketDisplay()[pri:0, instance:testcases.TC_CAN_RefundOfSale@742ff096]" started-at="2024-06-19T15:48:48 IST" name="ticketDisplay" finished-at="2024-06-19T15:48:53 IST" duration-ms="5085" status="PASS">
          <reporter-output>
          </reporter-output>
        </test-method> <!-- ticketDisplay -->
        <test-method signature="TestCard13()[pri:0, instance:testcases.TC_CAN_RefundOfSale@742ff096]" started-at="2024-06-19T15:48:53 IST" name="TestCard13" finished-at="2024-06-19T15:49:47 IST" duration-ms="54210" status="PASS">
          <reporter-output>
          </reporter-output>
        </test-method> <!-- TestCard13 -->
        <test-method is-config="true" signature="afterTransactionsOparations()[pri:0, instance:testcases.TC_CAN_RefundOfSale@742ff096]" started-at="2024-06-19T15:49:47 IST" name="afterTransactionsOparations" finished-at="2024-06-19T15:49:50 IST" duration-ms="2619" status="PASS">
          <reporter-output>
          </reporter-output>
        </test-method> <!-- afterTransactionsOparations -->
        <test-method is-config="true" signature="ticketDisplay()[pri:0, instance:testcases.TC_CAN_RefundOfSale@742ff096]" started-at="2024-06-19T15:49:50 IST" name="ticketDisplay" finished-at="2024-06-19T15:49:55 IST" duration-ms="5108" status="PASS">
          <reporter-output>
          </reporter-output>
        </test-method> <!-- ticketDisplay -->
        <test-method signature="TestCard14()[pri:0, instance:testcases.TC_CAN_RefundOfSale@742ff096]" started-at="2024-06-19T15:49:55 IST" name="TestCard14" finished-at="2024-06-19T15:50:24 IST" duration-ms="29073" status="FAIL">
          <exception class="java.lang.AssertionError">
            <message>
              <![CDATA[We are not getting ResponseText as APPROVAL or VALIDATION [null,,374245XXXXX1006,F,1,,AXC,null,0.00,050-DECLINED,20006,291241712289623481,000000000000000000,000000,374245XXXXX1006,AID Not Receive ,AID Not Receive ] expected [true] but found [false]]]>
            </message>
            <full-stacktrace>
              <![CDATA[java.lang.AssertionError: We are not getting ResponseText as APPROVAL or VALIDATION [null,,374245XXXXX1006,F,1,,AXC,null,0.00,050-DECLINED,20006,291241712289623481,000000000000000000,000000,374245XXXXX1006,AID Not Receive ,AID Not Receive ] expected [true] but found [false]
at org.testng.Assert.fail(Assert.java:111)
at org.testng.Assert.failNotEquals(Assert.java:1578)
at org.testng.Assert.assertTrue(Assert.java:57)
at base.BaseClass.performSaleTransaction(BaseClass.java:216)
at testcases.TC_CAN_RefundOfSale.TestCard14(TC_CAN_RefundOfSale.java:309)
at java.base/jdk.internal.reflect.NativeMethodAccessorImpl.invoke0(Native Method)
at java.base/jdk.internal.reflect.NativeMethodAccessorImpl.invoke(NativeMethodAccessorImpl.java:77)
at java.base/jdk.internal.reflect.DelegatingMethodAccessorImpl.invoke(DelegatingMethodAccessorImpl.java:43)
at java.base/java.lang.reflect.Method.invoke(Method.java:568)
at org.testng.internal.invokers.MethodInvocationHelper.invokeMethod(MethodInvocationHelper.java:139)
at org.testng.internal.invokers.TestInvoker.invokeMethod(TestInvoker.java:664)
at org.testng.internal.invokers.TestInvoker.invokeTestMethod(TestInvoker.java:228)
at org.testng.internal.invokers.MethodRunner.runInSequence(MethodRunner.java:63)
at org.testng.internal.invokers.TestInvoker$MethodInvocationAgent.invoke(TestInvoker.java:961)
at org.testng.internal.invokers.TestInvoker.invokeTestMethods(TestInvoker.java:201)
at org.testng.internal.invokers.TestMethodWorker.invokeTestMethods(TestMethodWorker.java:148)
at org.testng.internal.invokers.TestMethodWorker.run(TestMethodWorker.java:128)
at java.base/java.util.ArrayList.forEach(ArrayList.java:1511)
at org.testng.TestRunner.privateRun(TestRunner.java:819)
at org.testng.TestRunner.run(TestRunner.java:619)
at org.testng.SuiteRunner.runTest(SuiteRunner.java:443)
at org.testng.SuiteRunner.runSequentially(SuiteRunner.java:437)
at org.testng.SuiteRunner.privateRun(SuiteRunner.java:397)
at org.testng.SuiteRunner.run(SuiteRunner.java:336)
at org.testng.SuiteRunnerWorker.runSuite(SuiteRunnerWorker.java:52)
at org.testng.SuiteRunnerWorker.run(SuiteRunnerWorker.java:95)
at org.testng.TestNG.runSuitesSequentially(TestNG.java:1301)
at org.testng.TestNG.runSuitesLocally(TestNG.java:1228)
at org.testng.TestNG.runSuites(TestNG.java:1134)
at org.testng.TestNG.run(TestNG.java:1101)
at org.testng.remote.AbstractRemoteTestNG.run(AbstractRemoteTestNG.java:115)
at org.testng.remote.RemoteTestNG.initAndRun(RemoteTestNG.java:251)
at org.testng.remote.RemoteTestNG.main(RemoteTestNG.java:77)
]]>
            </full-stacktrace>
          </exception> <!-- java.lang.AssertionError -->
          <reporter-output>
          </reporter-output>
        </test-method> <!-- TestCard14 -->
        <test-method is-config="true" signature="afterTransactionsOparations()[pri:0, instance:testcases.TC_CAN_RefundOfSale@742ff096]" started-at="2024-06-19T15:50:24 IST" name="afterTransactionsOparations" finished-at="2024-06-19T15:50:26 IST" duration-ms="2298" status="PASS">
          <reporter-output>
          </reporter-output>
        </test-method> <!-- afterTransactionsOparations -->
        <test-method is-config="true" signature="ticketDisplay()[pri:0, instance:testcases.TC_CAN_RefundOfSale@742ff096]" started-at="2024-06-19T15:50:26 IST" name="ticketDisplay" finished-at="2024-06-19T15:50:31 IST" duration-ms="5081" status="PASS">
          <reporter-output>
          </reporter-output>
        </test-method> <!-- ticketDisplay -->
        <test-method signature="TestCard15()[pri:0, instance:testcases.TC_CAN_RefundOfSale@742ff096]" started-at="2024-06-19T15:50:31 IST" name="TestCard15" finished-at="2024-06-19T15:51:23 IST" duration-ms="51174" status="PASS">
          <reporter-output>
          </reporter-output>
        </test-method> <!-- TestCard15 -->
        <test-method is-config="true" signature="afterTransactionsOparations()[pri:0, instance:testcases.TC_CAN_RefundOfSale@742ff096]" started-at="2024-06-19T15:51:23 IST" name="afterTransactionsOparations" finished-at="2024-06-19T15:51:25 IST" duration-ms="2311" status="PASS">
          <reporter-output>
          </reporter-output>
        </test-method> <!-- afterTransactionsOparations -->
        <test-method is-config="true" signature="ticketDisplay()[pri:0, instance:testcases.TC_CAN_RefundOfSale@742ff096]" started-at="2024-06-19T15:51:25 IST" name="ticketDisplay" finished-at="2024-06-19T15:51:30 IST" duration-ms="5137" status="PASS">
          <reporter-output>
          </reporter-output>
        </test-method> <!-- ticketDisplay -->
        <test-method signature="TestCard15()[pri:0, instance:testcases.TC_CAN_RefundOfSale@742ff096]" started-at="2024-06-19T15:51:30 IST" name="TestCard15" finished-at="2024-06-19T15:51:56 IST" duration-ms="26129" status="PASS">
          <reporter-output>
          </reporter-output>
        </test-method> <!-- TestCard15 -->
        <test-method is-config="true" signature="afterTransactionsOparations()[pri:0, instance:testcases.TC_CAN_RefundOfSale@742ff096]" started-at="2024-06-19T15:51:56 IST" name="afterTransactionsOparations" finished-at="2024-06-19T15:51:59 IST" duration-ms="2593" status="PASS">
          <reporter-output>
          </reporter-output>
        </test-method> <!-- afterTransactionsOparations -->
        <test-method is-config="true" signature="ticketDisplay()[pri:0, instance:testcases.TC_CAN_RefundOfSale@742ff096]" started-at="2024-06-19T15:51:59 IST" name="ticketDisplay" finished-at="2024-06-19T15:52:04 IST" duration-ms="5250" status="PASS">
          <reporter-output>
          </reporter-output>
        </test-method> <!-- ticketDisplay -->
        <test-method signature="TestCard16()[pri:0, instance:testcases.TC_CAN_RefundOfSale@742ff096]" started-at="2024-06-19T15:52:04 IST" name="TestCard16" finished-at="2024-06-19T15:52:53 IST" duration-ms="48873" status="PASS">
          <reporter-output>
          </reporter-output>
        </test-method> <!-- TestCard16 -->
        <test-method is-config="true" signature="afterTransactionsOparations()[pri:0, instance:testcases.TC_CAN_RefundOfSale@742ff096]" started-at="2024-06-19T15:52:53 IST" name="afterTransactionsOparations" finished-at="2024-06-19T15:52:55 IST" duration-ms="2392" status="PASS">
          <reporter-output>
          </reporter-output>
        </test-method> <!-- afterTransactionsOparations -->
      </class> <!-- testcases.TC_CAN_RefundOfSale -->
    </test> <!-- Test -->
  </suite> <!-- Suite -->
</testng-results>
