<?xml version="1.0" encoding="UTF-8"?>
<testng-results ignored="0" total="26" passed="26" failed="0" skipped="0">
  <reporter-output>
  </reporter-output>
  <suite started-at="2024-05-30T18:02:24 IST" name="Default suite" finished-at="2024-05-30T18:02:26 IST" duration-ms="2235">
    <groups>
    </groups>
    <test started-at="2024-05-30T18:02:24 IST" name="Default test" finished-at="2024-05-30T18:02:26 IST" duration-ms="2235">
      <class name="utilities.TimeSubtrct">
        <test-method signature="subtrct(java.lang.String,java.lang.String)[pri:0, instance:utilities.TimeSubtrct@1ffaf86]" started-at="2024-05-30T18:02:26 IST" name="subtrct" data-provider="MeijerTransData" finished-at="2024-05-30T18:02:26 IST" duration-ms="16" status="PASS">
          <params>
            <param index="0">
              <value>
                <![CDATA[14:48:20,682]]>
              </value>
            </param>
            <param index="1">
              <value>
                <![CDATA[14:48:28,486]]>
              </value>
            </param>
          </params>
          <reporter-output>
          </reporter-output>
        </test-method> <!-- subtrct -->
        <test-method signature="subtrct(java.lang.String,java.lang.String)[pri:0, instance:utilities.TimeSubtrct@1ffaf86]" started-at="2024-05-30T18:02:26 IST" name="subtrct" data-provider="MeijerTransData" finished-at="2024-05-30T18:02:26 IST" duration-ms="2" status="PASS">
          <params>
            <param index="0">
              <value>
                <![CDATA[14:48:44,749]]>
              </value>
            </param>
            <param index="1">
              <value>
                <![CDATA[14:48:50,349]]>
              </value>
            </param>
          </params>
          <reporter-output>
          </reporter-output>
        </test-method> <!-- subtrct -->
        <test-method signature="subtrct(java.lang.String,java.lang.String)[pri:0, instance:utilities.TimeSubtrct@1ffaf86]" started-at="2024-05-30T18:02:26 IST" name="subtrct" data-provider="MeijerTransData" finished-at="2024-05-30T18:02:26 IST" duration-ms="4" status="PASS">
          <params>
            <param index="0">
              <value>
                <![CDATA[14:49:05,059]]>
              </value>
            </param>
            <param index="1">
              <value>
                <![CDATA[14:49:10,141]]>
              </value>
            </param>
          </params>
          <reporter-output>
          </reporter-output>
        </test-method> <!-- subtrct -->
        <test-method signature="subtrct(java.lang.String,java.lang.String)[pri:0, instance:utilities.TimeSubtrct@1ffaf86]" started-at="2024-05-30T18:02:26 IST" name="subtrct" data-provider="MeijerTransData" finished-at="2024-05-30T18:02:26 IST" duration-ms="4" status="PASS">
          <params>
            <param index="0">
              <value>
                <![CDATA[14:49:28,983]]>
              </value>
            </param>
            <param index="1">
              <value>
                <![CDATA[14:49:34,053]]>
              </value>
            </param>
          </params>
          <reporter-output>
          </reporter-output>
        </test-method> <!-- subtrct -->
        <test-method signature="subtrct(java.lang.String,java.lang.String)[pri:0, instance:utilities.TimeSubtrct@1ffaf86]" started-at="2024-05-30T18:02:26 IST" name="subtrct" data-provider="MeijerTransData" finished-at="2024-05-30T18:02:26 IST" duration-ms="5" status="PASS">
          <params>
            <param index="0">
              <value>
                <![CDATA[14:49:49,056]]>
              </value>
            </param>
            <param index="1">
              <value>
                <![CDATA[14:49:54,170]]>
              </value>
            </param>
          </params>
          <reporter-output>
          </reporter-output>
        </test-method> <!-- subtrct -->
        <test-method signature="subtrct(java.lang.String,java.lang.String)[pri:0, instance:utilities.TimeSubtrct@1ffaf86]" started-at="2024-05-30T18:02:26 IST" name="subtrct" data-provider="MeijerTransData" finished-at="2024-05-30T18:02:26 IST" duration-ms="3" status="PASS">
          <params>
            <param index="0">
              <value>
                <![CDATA[14:50:13,843]]>
              </value>
            </param>
            <param index="1">
              <value>
                <![CDATA[14:50:19,447]]>
              </value>
            </param>
          </params>
          <reporter-output>
          </reporter-output>
        </test-method> <!-- subtrct -->
        <test-method signature="subtrct(java.lang.String,java.lang.String)[pri:0, instance:utilities.TimeSubtrct@1ffaf86]" started-at="2024-05-30T18:02:26 IST" name="subtrct" data-provider="MeijerTransData" finished-at="2024-05-30T18:02:26 IST" duration-ms="6" status="PASS">
          <params>
            <param index="0">
              <value>
                <![CDATA[14:50:35,821]]>
              </value>
            </param>
            <param index="1">
              <value>
                <![CDATA[14:50:40,890]]>
              </value>
            </param>
          </params>
          <reporter-output>
          </reporter-output>
        </test-method> <!-- subtrct -->
        <test-method signature="subtrct(java.lang.String,java.lang.String)[pri:0, instance:utilities.TimeSubtrct@1ffaf86]" started-at="2024-05-30T18:02:26 IST" name="subtrct" data-provider="MeijerTransData" finished-at="2024-05-30T18:02:26 IST" duration-ms="4" status="PASS">
          <params>
            <param index="0">
              <value>
                <![CDATA[14:51:01,103]]>
              </value>
            </param>
            <param index="1">
              <value>
                <![CDATA[14:51:06,182]]>
              </value>
            </param>
          </params>
          <reporter-output>
          </reporter-output>
        </test-method> <!-- subtrct -->
        <test-method signature="subtrct(java.lang.String,java.lang.String)[pri:0, instance:utilities.TimeSubtrct@1ffaf86]" started-at="2024-05-30T18:02:26 IST" name="subtrct" data-provider="MeijerTransData" finished-at="2024-05-30T18:02:26 IST" duration-ms="4" status="PASS">
          <params>
            <param index="0">
              <value>
                <![CDATA[14:52:23,570]]>
              </value>
            </param>
            <param index="1">
              <value>
                <![CDATA[14:52:28,615]]>
              </value>
            </param>
          </params>
          <reporter-output>
          </reporter-output>
        </test-method> <!-- subtrct -->
        <test-method signature="subtrct(java.lang.String,java.lang.String)[pri:0, instance:utilities.TimeSubtrct@1ffaf86]" started-at="2024-05-30T18:02:26 IST" name="subtrct" data-provider="MeijerTransData" finished-at="2024-05-30T18:02:26 IST" duration-ms="1" status="PASS">
          <params>
            <param index="0">
              <value>
                <![CDATA[14:53:00,084]]>
              </value>
            </param>
            <param index="1">
              <value>
                <![CDATA[14:53:12,424]]>
              </value>
            </param>
          </params>
          <reporter-output>
          </reporter-output>
        </test-method> <!-- subtrct -->
        <test-method signature="subtrct(java.lang.String,java.lang.String)[pri:0, instance:utilities.TimeSubtrct@1ffaf86]" started-at="2024-05-30T18:02:26 IST" name="subtrct" data-provider="MeijerTransData" finished-at="2024-05-30T18:02:26 IST" duration-ms="3" status="PASS">
          <params>
            <param index="0">
              <value>
                <![CDATA[14:54:13,260]]>
              </value>
            </param>
            <param index="1">
              <value>
                <![CDATA[14:54:22,376]]>
              </value>
            </param>
          </params>
          <reporter-output>
          </reporter-output>
        </test-method> <!-- subtrct -->
        <test-method signature="subtrct(java.lang.String,java.lang.String)[pri:0, instance:utilities.TimeSubtrct@1ffaf86]" started-at="2024-05-30T18:02:26 IST" name="subtrct" data-provider="MeijerTransData" finished-at="2024-05-30T18:02:26 IST" duration-ms="2" status="PASS">
          <params>
            <param index="0">
              <value>
                <![CDATA[14:56:24,452]]>
              </value>
            </param>
            <param index="1">
              <value>
                <![CDATA[14:56:35,714]]>
              </value>
            </param>
          </params>
          <reporter-output>
          </reporter-output>
        </test-method> <!-- subtrct -->
        <test-method signature="subtrct(java.lang.String,java.lang.String)[pri:0, instance:utilities.TimeSubtrct@1ffaf86]" started-at="2024-05-30T18:02:26 IST" name="subtrct" data-provider="MeijerTransData" finished-at="2024-05-30T18:02:26 IST" duration-ms="4" status="PASS">
          <params>
            <param index="0">
              <value>
                <![CDATA[14:56:52,468]]>
              </value>
            </param>
            <param index="1">
              <value>
                <![CDATA[14:56:58,041]]>
              </value>
            </param>
          </params>
          <reporter-output>
          </reporter-output>
        </test-method> <!-- subtrct -->
        <test-method signature="subtrct(java.lang.String,java.lang.String)[pri:0, instance:utilities.TimeSubtrct@1ffaf86]" started-at="2024-05-30T18:02:26 IST" name="subtrct" data-provider="MeijerTransData" finished-at="2024-05-30T18:02:26 IST" duration-ms="3" status="PASS">
          <params>
            <param index="0">
              <value>
                <![CDATA[14:57:23,699]]>
              </value>
            </param>
            <param index="1">
              <value>
                <![CDATA[14:57:29,032]]>
              </value>
            </param>
          </params>
          <reporter-output>
          </reporter-output>
        </test-method> <!-- subtrct -->
        <test-method signature="subtrct(java.lang.String,java.lang.String)[pri:0, instance:utilities.TimeSubtrct@1ffaf86]" started-at="2024-05-30T18:02:26 IST" name="subtrct" data-provider="MeijerTransData" finished-at="2024-05-30T18:02:26 IST" duration-ms="1" status="PASS">
          <params>
            <param index="0">
              <value>
                <![CDATA[14:57:51,120]]>
              </value>
            </param>
            <param index="1">
              <value>
                <![CDATA[14:57:56,233]]>
              </value>
            </param>
          </params>
          <reporter-output>
          </reporter-output>
        </test-method> <!-- subtrct -->
        <test-method signature="subtrct(java.lang.String,java.lang.String)[pri:0, instance:utilities.TimeSubtrct@1ffaf86]" started-at="2024-05-30T18:02:26 IST" name="subtrct" data-provider="MeijerTransData" finished-at="2024-05-30T18:02:26 IST" duration-ms="5" status="PASS">
          <params>
            <param index="0">
              <value>
                <![CDATA[14:58:13,229]]>
              </value>
            </param>
            <param index="1">
              <value>
                <![CDATA[14:58:18,827]]>
              </value>
            </param>
          </params>
          <reporter-output>
          </reporter-output>
        </test-method> <!-- subtrct -->
        <test-method signature="subtrct(java.lang.String,java.lang.String)[pri:0, instance:utilities.TimeSubtrct@1ffaf86]" started-at="2024-05-30T18:02:26 IST" name="subtrct" data-provider="MeijerTransData" finished-at="2024-05-30T18:02:26 IST" duration-ms="1" status="PASS">
          <params>
            <param index="0">
              <value>
                <![CDATA[14:59:10,065]]>
              </value>
            </param>
            <param index="1">
              <value>
                <![CDATA[14:59:15,680]]>
              </value>
            </param>
          </params>
          <reporter-output>
          </reporter-output>
        </test-method> <!-- subtrct -->
        <test-method signature="subtrct(java.lang.String,java.lang.String)[pri:0, instance:utilities.TimeSubtrct@1ffaf86]" started-at="2024-05-30T18:02:26 IST" name="subtrct" data-provider="MeijerTransData" finished-at="2024-05-30T18:02:26 IST" duration-ms="1" status="PASS">
          <params>
            <param index="0">
              <value>
                <![CDATA[14:59:34,976]]>
              </value>
            </param>
            <param index="1">
              <value>
                <![CDATA[14:59:40,179]]>
              </value>
            </param>
          </params>
          <reporter-output>
          </reporter-output>
        </test-method> <!-- subtrct -->
        <test-method signature="subtrct(java.lang.String,java.lang.String)[pri:0, instance:utilities.TimeSubtrct@1ffaf86]" started-at="2024-05-30T18:02:26 IST" name="subtrct" data-provider="MeijerTransData" finished-at="2024-05-30T18:02:26 IST" duration-ms="2" status="PASS">
          <params>
            <param index="0">
              <value>
                <![CDATA[14:59:58,019]]>
              </value>
            </param>
            <param index="1">
              <value>
                <![CDATA[15:00:03,678]]>
              </value>
            </param>
          </params>
          <reporter-output>
          </reporter-output>
        </test-method> <!-- subtrct -->
        <test-method signature="subtrct(java.lang.String,java.lang.String)[pri:0, instance:utilities.TimeSubtrct@1ffaf86]" started-at="2024-05-30T18:02:26 IST" name="subtrct" data-provider="MeijerTransData" finished-at="2024-05-30T18:02:26 IST" duration-ms="3" status="PASS">
          <params>
            <param index="0">
              <value>
                <![CDATA[15:00:21,126]]>
              </value>
            </param>
            <param index="1">
              <value>
                <![CDATA[15:00:28,983]]>
              </value>
            </param>
          </params>
          <reporter-output>
          </reporter-output>
        </test-method> <!-- subtrct -->
        <test-method signature="subtrct(java.lang.String,java.lang.String)[pri:0, instance:utilities.TimeSubtrct@1ffaf86]" started-at="2024-05-30T18:02:26 IST" name="subtrct" data-provider="MeijerTransData" finished-at="2024-05-30T18:02:26 IST" duration-ms="4" status="PASS">
          <params>
            <param index="0">
              <value>
                <![CDATA[15:00:49,525]]>
              </value>
            </param>
            <param index="1">
              <value>
                <![CDATA[15:00:55,484]]>
              </value>
            </param>
          </params>
          <reporter-output>
          </reporter-output>
        </test-method> <!-- subtrct -->
        <test-method signature="subtrct(java.lang.String,java.lang.String)[pri:0, instance:utilities.TimeSubtrct@1ffaf86]" started-at="2024-05-30T18:02:26 IST" name="subtrct" data-provider="MeijerTransData" finished-at="2024-05-30T18:02:26 IST" duration-ms="3" status="PASS">
          <params>
            <param index="0">
              <value>
                <![CDATA[15:01:16,692]]>
              </value>
            </param>
            <param index="1">
              <value>
                <![CDATA[15:01:21,839]]>
              </value>
            </param>
          </params>
          <reporter-output>
          </reporter-output>
        </test-method> <!-- subtrct -->
        <test-method signature="subtrct(java.lang.String,java.lang.String)[pri:0, instance:utilities.TimeSubtrct@1ffaf86]" started-at="2024-05-30T18:02:26 IST" name="subtrct" data-provider="MeijerTransData" finished-at="2024-05-30T18:02:26 IST" duration-ms="1" status="PASS">
          <params>
            <param index="0">
              <value>
                <![CDATA[15:01:40,275]]>
              </value>
            </param>
            <param index="1">
              <value>
                <![CDATA[15:01:46,577]]>
              </value>
            </param>
          </params>
          <reporter-output>
          </reporter-output>
        </test-method> <!-- subtrct -->
        <test-method signature="subtrct(java.lang.String,java.lang.String)[pri:0, instance:utilities.TimeSubtrct@1ffaf86]" started-at="2024-05-30T18:02:26 IST" name="subtrct" data-provider="MeijerTransData" finished-at="2024-05-30T18:02:26 IST" duration-ms="1" status="PASS">
          <params>
            <param index="0">
              <value>
                <![CDATA[15:02:08,224]]>
              </value>
            </param>
            <param index="1">
              <value>
                <![CDATA[15:02:13,343]]>
              </value>
            </param>
          </params>
          <reporter-output>
          </reporter-output>
        </test-method> <!-- subtrct -->
        <test-method signature="subtrct(java.lang.String,java.lang.String)[pri:0, instance:utilities.TimeSubtrct@1ffaf86]" started-at="2024-05-30T18:02:26 IST" name="subtrct" data-provider="MeijerTransData" finished-at="2024-05-30T18:02:26 IST" duration-ms="2" status="PASS">
          <params>
            <param index="0">
              <value>
                <![CDATA[15:02:43,182]]>
              </value>
            </param>
            <param index="1">
              <value>
                <![CDATA[15:02:48,416]]>
              </value>
            </param>
          </params>
          <reporter-output>
          </reporter-output>
        </test-method> <!-- subtrct -->
        <test-method signature="subtrct(java.lang.String,java.lang.String)[pri:0, instance:utilities.TimeSubtrct@1ffaf86]" started-at="2024-05-30T18:02:26 IST" name="subtrct" data-provider="MeijerTransData" finished-at="2024-05-30T18:02:26 IST" duration-ms="1" status="PASS">
          <params>
            <param index="0">
              <value>
                <![CDATA[15:03:06,041]]>
              </value>
            </param>
            <param index="1">
              <value>
                <![CDATA[15:03:11,399]]>
              </value>
            </param>
          </params>
          <reporter-output>
          </reporter-output>
        </test-method> <!-- subtrct -->
      </class> <!-- utilities.TimeSubtrct -->
    </test> <!-- Default test -->
  </suite> <!-- Default suite -->
</testng-results>
